/Library/Java/JavaVirtualMachines/jdk-14.0.1.jdk/Contents/Home/bin/java -ea -Didea.test.cyclic.buffer.size=1048576 -javaagent:/Applications/IntelliJ IDEA.app/Contents/lib/idea_rt.jar=62172:/Applications/IntelliJ IDEA.app/Contents/bin -Dfile.encoding=UTF-8 -classpath /Applications/IntelliJ IDEA.app/Contents/lib/idea_rt.jar:/Users/maksim/.m2/repository/org/junit/platform/junit-platform-launcher/1.7.2/junit-platform-launcher-1.7.2.jar:/Users/maksim/.m2/repository/org/junit/vintage/junit-vintage-engine/5.7.2/junit-vintage-engine-5.7.2.jar:/Applications/IntelliJ IDEA.app/Contents/plugins/junit/lib/junit5-rt.jar:/Applications/IntelliJ IDEA.app/Contents/plugins/junit/lib/junit-rt.jar:/Users/maksim/Desktop/CloudService/CloudServiceBackend/target/test-classes:/Users/maksim/Desktop/CloudService/CloudServiceBackend/target/classes:/Users/maksim/.m2/repository/org/springframework/boot/spring-boot-starter-validation/2.5.0/spring-boot-starter-validation-2.5.0.jar:/Users/maksim/.m2/repository/org/springframework/boot/spring-boot-starter/2.5.0/spring-boot-starter-2.5.0.jar:/Users/maksim/.m2/repository/org/springframework/boot/spring-boot/2.5.0/spring-boot-2.5.0.jar:/Users/maksim/.m2/repository/org/springframework/boot/spring-boot-autoconfigure/2.5.0/spring-boot-autoconfigure-2.5.0.jar:/Users/maksim/.m2/repository/org/springframework/boot/spring-boot-starter-logging/2.5.0/spring-boot-starter-logging-2.5.0.jar:/Users/maksim/.m2/repository/ch/qos/logback/logback-classic/1.2.3/logback-classic-1.2.3.jar:/Users/maksim/.m2/repository/ch/qos/logback/logback-core/1.2.3/logback-core-1.2.3.jar:/Users/maksim/.m2/repository/org/apache/logging/log4j/log4j-to-slf4j/2.14.1/log4j-to-slf4j-2.14.1.jar:/Users/maksim/.m2/repository/org/apache/logging/log4j/log4j-api/2.14.1/log4j-api-2.14.1.jar:/Users/maksim/.m2/repository/org/slf4j/jul-to-slf4j/1.7.30/jul-to-slf4j-1.7.30.jar:/Users/maksim/.m2/repository/jakarta/annotation/jakarta.annotation-api/1.3.5/jakarta.annotation-api-1.3.5.jar:/Users/maksim/.m2/repository/org/yaml/snakeyaml/1.28/snakeyaml-1.28.jar:/Users/maksim/.m2/repository/org/apache/tomcat/embed/tomcat-embed-el/9.0.46/tomcat-embed-el-9.0.46.jar:/Users/maksim/.m2/repository/org/hibernate/validator/hibernate-validator/6.2.0.Final/hibernate-validator-6.2.0.Final.jar:/Users/maksim/.m2/repository/jakarta/validation/jakarta.validation-api/2.0.2/jakarta.validation-api-2.0.2.jar:/Users/maksim/.m2/repository/com/fasterxml/classmate/1.5.1/classmate-1.5.1.jar:/Users/maksim/.m2/repository/org/apache/commons/commons-csv/1.8/commons-csv-1.8.jar:/Users/maksim/.m2/repository/org/springframework/boot/spring-boot-starter-aop/2.5.0/spring-boot-starter-aop-2.5.0.jar:/Users/maksim/.m2/repository/org/springframework/spring-aop/5.3.7/spring-aop-5.3.7.jar:/Users/maksim/.m2/repository/org/springframework/spring-beans/5.3.7/spring-beans-5.3.7.jar:/Users/maksim/.m2/repository/org/aspectj/aspectjweaver/1.9.6/aspectjweaver-1.9.6.jar:/Users/maksim/.m2/repository/org/testcontainers/postgresql/1.15.3/postgresql-1.15.3.jar:/Users/maksim/.m2/repository/org/testcontainers/jdbc/1.15.3/jdbc-1.15.3.jar:/Users/maksim/.m2/repository/org/testcontainers/database-commons/1.15.3/database-commons-1.15.3.jar:/Users/maksim/.m2/repository/org/testcontainers/junit-jupiter/1.15.3/junit-jupiter-1.15.3.jar:/Users/maksim/.m2/repository/org/testcontainers/testcontainers/1.15.3/testcontainers-1.15.3.jar:/Users/maksim/.m2/repository/org/slf4j/slf4j-api/1.7.30/slf4j-api-1.7.30.jar:/Users/maksim/.m2/repository/org/apache/commons/commons-compress/1.20/commons-compress-1.20.jar:/Users/maksim/.m2/repository/org/rnorth/duct-tape/duct-tape/1.0.8/duct-tape-1.0.8.jar:/Users/maksim/.m2/repository/org/rnorth/visible-assertions/visible-assertions/2.1.2/visible-assertions-2.1.2.jar:/Users/maksim/.m2/repository/net/java/dev/jna/jna/5.2.0/jna-5.2.0.jar:/Users/maksim/.m2/repository/com/github/docker-java/docker-java-api/3.2.8/docker-java-api-3.2.8.jar:/Users/maksim/.m2/repository/com/github/docker-java/docker-java-transport-zerodep/3.2.8/docker-java-transport-zerodep-3.2.8.jar:/Users/maksim/.m2/repository/com/github/docker-java/docker-java-transport/3.2.8/docker-java-transport-3.2.8.jar:/Users/maksim/.m2/repository/org/junit/jupiter/junit-jupiter-api/5.7.2/junit-jupiter-api-5.7.2.jar:/Users/maksim/.m2/repository/org/apiguardian/apiguardian-api/1.1.0/apiguardian-api-1.1.0.jar:/Users/maksim/.m2/repository/org/opentest4j/opentest4j/1.2.0/opentest4j-1.2.0.jar:/Users/maksim/.m2/repository/org/junit/platform/junit-platform-commons/1.7.2/junit-platform-commons-1.7.2.jar:/Users/maksim/.m2/repository/org/springframework/boot/spring-boot-starter-data-jpa/2.5.0/spring-boot-starter-data-jpa-2.5.0.jar:/Users/maksim/.m2/repository/org/springframework/boot/spring-boot-starter-jdbc/2.5.0/spring-boot-starter-jdbc-2.5.0.jar:/Users/maksim/.m2/repository/com/zaxxer/HikariCP/4.0.3/HikariCP-4.0.3.jar:/Users/maksim/.m2/repository/org/springframework/spring-jdbc/5.3.7/spring-jdbc-5.3.7.jar:/Users/maksim/.m2/repository/jakarta/transaction/jakarta.transaction-api/1.3.3/jakarta.transaction-api-1.3.3.jar:/Users/maksim/.m2/repository/jakarta/persistence/jakarta.persistence-api/2.2.3/jakarta.persistence-api-2.2.3.jar:/Users/maksim/.m2/repository/org/hibernate/hibernate-core/5.4.31.Final/hibernate-core-5.4.31.Final.jar:/Users/maksim/.m2/repository/org/javassist/javassist/3.27.0-GA/javassist-3.27.0-GA.jar:/Users/maksim/.m2/repository/net/bytebuddy/byte-buddy/1.10.22/byte-buddy-1.10.22.jar:/Users/maksim/.m2/repository/antlr/antlr/2.7.7/antlr-2.7.7.jar:/Users/maksim/.m2/repository/org/jboss/jandex/2.2.3.Final/jandex-2.2.3.Final.jar:/Users/maksim/.m2/repository/org/dom4j/dom4j/2.1.3/dom4j-2.1.3.jar:/Users/maksim/.m2/repository/org/hibernate/common/hibernate-commons-annotations/5.1.2.Final/hibernate-commons-annotations-5.1.2.Final.jar:/Users/maksim/.m2/repository/org/glassfish/jaxb/jaxb-runtime/2.3.4/jaxb-runtime-2.3.4.jar:/Users/maksim/.m2/repository/org/glassfish/jaxb/txw2/2.3.4/txw2-2.3.4.jar:/Users/maksim/.m2/repository/com/sun/istack/istack-commons-runtime/3.0.12/istack-commons-runtime-3.0.12.jar:/Users/maksim/.m2/repository/com/sun/activation/jakarta.activation/1.2.2/jakarta.activation-1.2.2.jar:/Users/maksim/.m2/repository/org/springframework/data/spring-data-jpa/2.5.1/spring-data-jpa-2.5.1.jar:/Users/maksim/.m2/repository/org/springframework/data/spring-data-commons/2.5.1/spring-data-commons-2.5.1.jar:/Users/maksim/.m2/repository/org/springframework/spring-orm/5.3.7/spring-orm-5.3.7.jar:/Users/maksim/.m2/repository/org/springframework/spring-context/5.3.7/spring-context-5.3.7.jar:/Users/maksim/.m2/repository/org/springframework/spring-tx/5.3.7/spring-tx-5.3.7.jar:/Users/maksim/.m2/repository/org/springframework/spring-aspects/5.3.7/spring-aspects-5.3.7.jar:/Users/maksim/.m2/repository/org/hibernate/hibernate-java8/5.0.0.Final/hibernate-java8-5.0.0.Final.jar:/Users/maksim/.m2/repository/org/jboss/logging/jboss-logging/3.4.1.Final/jboss-logging-3.4.1.Final.jar:/Users/maksim/.m2/repository/org/postgresql/postgresql/42.2.20/postgresql-42.2.20.jar:/Users/maksim/.m2/repository/org/checkerframework/checker-qual/3.5.0/checker-qual-3.5.0.jar:/Users/maksim/.m2/repository/org/springframework/boot/spring-boot-starter-security/2.5.0/spring-boot-starter-security-2.5.0.jar:/Users/maksim/.m2/repository/org/springframework/security/spring-security-config/5.5.0/spring-security-config-5.5.0.jar:/Users/maksim/.m2/repository/org/jetbrains/kotlin/kotlin-stdlib-jdk8/1.5.0/kotlin-stdlib-jdk8-1.5.0.jar:/Users/maksim/.m2/repository/org/jetbrains/kotlin/kotlin-stdlib/1.5.0/kotlin-stdlib-1.5.0.jar:/Users/maksim/.m2/repository/org/jetbrains/annotations/13.0/annotations-13.0.jar:/Users/maksim/.m2/repository/org/jetbrains/kotlin/kotlin-stdlib-common/1.5.0/kotlin-stdlib-common-1.5.0.jar:/Users/maksim/.m2/repository/org/jetbrains/kotlin/kotlin-stdlib-jdk7/1.5.0/kotlin-stdlib-jdk7-1.5.0.jar:/Users/maksim/.m2/repository/org/springframework/security/spring-security-web/5.5.0/spring-security-web-5.5.0.jar:/Users/maksim/.m2/repository/org/springframework/spring-expression/5.3.7/spring-expression-5.3.7.jar:/Users/maksim/.m2/repository/org/springframework/security/spring-security-test/5.5.0/spring-security-test-5.5.0.jar:/Users/maksim/.m2/repository/org/springframework/security/spring-security-core/5.5.0/spring-security-core-5.5.0.jar:/Users/maksim/.m2/repository/org/springframework/security/spring-security-crypto/5.5.0/spring-security-crypto-5.5.0.jar:/Users/maksim/.m2/repository/org/springframework/spring-core/5.3.7/spring-core-5.3.7.jar:/Users/maksim/.m2/repository/org/springframework/spring-jcl/5.3.7/spring-jcl-5.3.7.jar:/Users/maksim/.m2/repository/org/springframework/spring-test/5.3.7/spring-test-5.3.7.jar:/Users/maksim/.m2/repository/org/mockito/mockito-inline/3.8.0/mockito-inline-3.8.0.jar:/Users/maksim/.m2/repository/org/mockito/mockito-core/3.9.0/mockito-core-3.9.0.jar:/Users/maksim/.m2/repository/net/bytebuddy/byte-buddy-agent/1.10.22/byte-buddy-agent-1.10.22.jar:/Users/maksim/.m2/repository/org/objenesis/objenesis/3.2/objenesis-3.2.jar:/Users/maksim/.m2/repository/org/springframework/boot/spring-boot-starter-web/2.5.0/spring-boot-starter-web-2.5.0.jar:/Users/maksim/.m2/repository/org/springframework/boot/spring-boot-starter-json/2.5.0/spring-boot-starter-json-2.5.0.jar:/Users/maksim/.m2/repository/com/fasterxml/jackson/datatype/jackson-datatype-jdk8/2.12.3/jackson-datatype-jdk8-2.12.3.jar:/Users/maksim/.m2/repository/com/fasterxml/jackson/datatype/jackson-datatype-jsr310/2.12.3/jackson-datatype-jsr310-2.12.3.jar:/Users/maksim/.m2/repository/com/fasterxml/jackson/module/jackson-module-parameter-names/2.12.3/jackson-module-parameter-names-2.12.3.jar:/Users/maksim/.m2/repository/org/springframework/boot/spring-boot-starter-tomcat/2.5.0/spring-boot-starter-tomcat-2.5.0.jar:/Users/maksim/.m2/repository/org/apache/tomcat/embed/tomcat-embed-core/9.0.46/tomcat-embed-core-9.0.46.jar:/Users/maksim/.m2/repository/org/apache/tomcat/embed/tomcat-embed-websocket/9.0.46/tomcat-embed-websocket-9.0.46.jar:/Users/maksim/.m2/repository/org/springframework/spring-web/5.3.7/spring-web-5.3.7.jar:/Users/maksim/.m2/repository/org/springframework/spring-webmvc/5.3.7/spring-webmvc-5.3.7.jar:/Users/maksim/.m2/repository/org/projectlombok/lombok/1.18.20/lombok-1.18.20.jar:/Users/maksim/.m2/repository/org/springframework/boot/spring-boot-starter-test/2.5.0/spring-boot-starter-test-2.5.0.jar:/Users/maksim/.m2/repository/org/springframework/boot/spring-boot-test/2.5.0/spring-boot-test-2.5.0.jar:/Users/maksim/.m2/repository/org/springframework/boot/spring-boot-test-autoconfigure/2.5.0/spring-boot-test-autoconfigure-2.5.0.jar:/Users/maksim/.m2/repository/com/jayway/jsonpath/json-path/2.5.0/json-path-2.5.0.jar:/Users/maksim/.m2/repository/net/minidev/json-smart/2.4.7/json-smart-2.4.7.jar:/Users/maksim/.m2/repository/net/minidev/accessors-smart/2.4.7/accessors-smart-2.4.7.jar:/Users/maksim/.m2/repository/org/ow2/asm/asm/9.1/asm-9.1.jar:/Users/maksim/.m2/repository/jakarta/xml/bind/jakarta.xml.bind-api/2.3.3/jakarta.xml.bind-api-2.3.3.jar:/Users/maksim/.m2/repository/jakarta/activation/jakarta.activation-api/1.2.2/jakarta.activation-api-1.2.2.jar:/Users/maksim/.m2/repository/org/assertj/assertj-core/3.19.0/assertj-core-3.19.0.jar:/Users/maksim/.m2/repository/org/hamcrest/hamcrest/2.2/hamcrest-2.2.jar:/Users/maksim/.m2/repository/org/junit/jupiter/junit-jupiter/5.7.2/junit-jupiter-5.7.2.jar:/Users/maksim/.m2/repository/org/junit/jupiter/junit-jupiter-params/5.7.2/junit-jupiter-params-5.7.2.jar:/Users/maksim/.m2/repository/org/junit/jupiter/junit-jupiter-engine/5.7.2/junit-jupiter-engine-5.7.2.jar:/Users/maksim/.m2/repository/org/junit/platform/junit-platform-engine/1.7.2/junit-platform-engine-1.7.2.jar:/Users/maksim/.m2/repository/org/mockito/mockito-junit-jupiter/3.9.0/mockito-junit-jupiter-3.9.0.jar:/Users/maksim/.m2/repository/org/skyscreamer/jsonassert/1.5.0/jsonassert-1.5.0.jar:/Users/maksim/.m2/repository/com/vaadin/external/google/android-json/0.0.20131108.vaadin1/android-json-0.0.20131108.vaadin1.jar:/Users/maksim/.m2/repository/org/xmlunit/xmlunit-core/2.8.2/xmlunit-core-2.8.2.jar:/Users/maksim/.m2/repository/io/jsonwebtoken/jjwt-api/0.11.2/jjwt-api-0.11.2.jar:/Users/maksim/.m2/repository/io/jsonwebtoken/jjwt-impl/0.11.2/jjwt-impl-0.11.2.jar:/Users/maksim/.m2/repository/io/jsonwebtoken/jjwt-jackson/0.11.2/jjwt-jackson-0.11.2.jar:/Users/maksim/.m2/repository/com/fasterxml/jackson/core/jackson-databind/2.12.3/jackson-databind-2.12.3.jar:/Users/maksim/.m2/repository/com/fasterxml/jackson/core/jackson-annotations/2.12.3/jackson-annotations-2.12.3.jar:/Users/maksim/.m2/repository/com/fasterxml/jackson/core/jackson-core/2.12.3/jackson-core-2.12.3.jar:/Users/maksim/.m2/repository/commons-fileupload/commons-fileupload/1.3.3/commons-fileupload-1.3.3.jar:/Users/maksim/.m2/repository/commons-io/commons-io/2.2/commons-io-2.2.jar:/Users/maksim/.m2/repository/org/liquibase/liquibase-core/4.3.3/liquibase-core-4.3.3.jar:/Users/maksim/.m2/repository/javax/xml/bind/jaxb-api/2.3.1/jaxb-api-2.3.1.jar:/Users/maksim/.m2/repository/javax/activation/javax.activation-api/1.2.0/javax.activation-api-1.2.0.jar:/Users/maksim/.m2/repository/junit/junit/4.13.2/junit-4.13.2.jar:/Users/maksim/.m2/repository/org/hamcrest/hamcrest-core/2.2/hamcrest-core-2.2.jar com.intellij.rt.junit.JUnitStarter -ideVersion5 -junit5 ru.netology.cloud_service_app.integration_tests.CloudServiceIntegrationTest,test
12:45:01.576 [main] DEBUG org.springframework.test.context.BootstrapUtils - Instantiating CacheAwareContextLoaderDelegate from class [org.springframework.test.context.cache.DefaultCacheAwareContextLoaderDelegate]
12:45:01.591 [main] DEBUG org.springframework.test.context.BootstrapUtils - Instantiating BootstrapContext using constructor [public org.springframework.test.context.support.DefaultBootstrapContext(java.lang.Class,org.springframework.test.context.CacheAwareContextLoaderDelegate)]
12:45:01.633 [main] DEBUG org.springframework.test.context.BootstrapUtils - Instantiating TestContextBootstrapper for test class [ru.netology.cloud_service_app.integration_tests.CloudServiceIntegrationTest] from class [org.springframework.boot.test.context.SpringBootTestContextBootstrapper]
12:45:01.655 [main] DEBUG org.springframework.test.context.support.AbstractContextLoader - Did not detect default resource location for test class [ru.netology.cloud_service_app.integration_tests.CloudServiceIntegrationTest]: class path resource [ru/netology/cloud_service_app/integration_tests/CloudServiceIntegrationTest-context.xml] does not exist
12:45:01.656 [main] DEBUG org.springframework.test.context.support.AbstractContextLoader - Did not detect default resource location for test class [ru.netology.cloud_service_app.integration_tests.CloudServiceIntegrationTest]: class path resource [ru/netology/cloud_service_app/integration_tests/CloudServiceIntegrationTestContext.groovy] does not exist
12:45:01.656 [main] INFO org.springframework.test.context.support.AbstractContextLoader - Could not detect default resource locations for test class [ru.netology.cloud_service_app.integration_tests.CloudServiceIntegrationTest]: no resource found for suffixes {-context.xml, Context.groovy}.
12:45:01.659 [main] DEBUG org.springframework.test.context.support.AnnotationConfigContextLoaderUtils - Ignoring class [ru.netology.cloud_service_app.integration_tests.CloudServiceIntegrationTest$Initializer]; it must be static, non-private, non-final, and annotated with @Configuration to be considered a default configuration class.
12:45:01.659 [main] INFO org.springframework.test.context.support.AnnotationConfigContextLoaderUtils - Could not detect default configuration classes for test class [ru.netology.cloud_service_app.integration_tests.CloudServiceIntegrationTest]: CloudServiceIntegrationTest does not declare any static, non-private, non-final, nested classes annotated with @Configuration.
12:45:01.719 [main] DEBUG org.springframework.test.context.support.ActiveProfilesUtils - Could not find an 'annotation declaring class' for annotation type [org.springframework.test.context.ActiveProfiles] and class [ru.netology.cloud_service_app.integration_tests.CloudServiceIntegrationTest]
12:45:01.808 [main] DEBUG org.springframework.context.annotation.ClassPathScanningCandidateComponentProvider - Identified candidate component class: file [/Users/maksim/Desktop/CloudService/CloudServiceBackend/target/classes/ru/netology/cloud_service_app/CloudServiceAppApplication.class]
12:45:01.809 [main] INFO org.springframework.boot.test.context.SpringBootTestContextBootstrapper - Found @SpringBootConfiguration ru.netology.cloud_service_app.CloudServiceAppApplication for test class ru.netology.cloud_service_app.integration_tests.CloudServiceIntegrationTest
12:45:01.927 [main] DEBUG org.springframework.boot.test.context.SpringBootTestContextBootstrapper - @TestExecutionListeners is not present for class [ru.netology.cloud_service_app.integration_tests.CloudServiceIntegrationTest]: using defaults.
12:45:01.928 [main] INFO org.springframework.boot.test.context.SpringBootTestContextBootstrapper - Loaded default TestExecutionListener class names from location [META-INF/spring.factories]: [org.springframework.security.test.context.support.WithSecurityContextTestExecutionListener, org.springframework.security.test.context.support.ReactorContextTestExecutionListener, org.springframework.test.context.web.ServletTestExecutionListener, org.springframework.test.context.support.DirtiesContextBeforeModesTestExecutionListener, org.springframework.test.context.event.ApplicationEventsTestExecutionListener, org.springframework.test.context.support.DependencyInjectionTestExecutionListener, org.springframework.test.context.support.DirtiesContextTestExecutionListener, org.springframework.test.context.transaction.TransactionalTestExecutionListener, org.springframework.test.context.jdbc.SqlScriptsTestExecutionListener, org.springframework.test.context.event.EventPublishingTestExecutionListener, org.springframework.boot.test.mock.mockito.MockitoTestExecutionListener, org.springframework.boot.test.mock.mockito.ResetMocksTestExecutionListener, org.springframework.boot.test.autoconfigure.restdocs.RestDocsTestExecutionListener, org.springframework.boot.test.autoconfigure.web.client.MockRestServiceServerResetTestExecutionListener, org.springframework.boot.test.autoconfigure.web.servlet.MockMvcPrintOnlyOnFailureTestExecutionListener, org.springframework.boot.test.autoconfigure.web.servlet.WebDriverTestExecutionListener, org.springframework.boot.test.autoconfigure.webservices.client.MockWebServiceServerTestExecutionListener]
12:45:01.956 [main] INFO org.springframework.boot.test.context.SpringBootTestContextBootstrapper - Using TestExecutionListeners: [org.springframework.test.context.web.ServletTestExecutionListener@3403e2ac, org.springframework.test.context.support.DirtiesContextBeforeModesTestExecutionListener@65b104b9, org.springframework.test.context.event.ApplicationEventsTestExecutionListener@6c4980d3, org.springframework.boot.test.mock.mockito.MockitoTestExecutionListener@327bcebd, org.springframework.boot.test.autoconfigure.SpringBootDependencyInjectionTestExecutionListener@19c65cdc, org.springframework.test.context.support.DirtiesContextTestExecutionListener@74bf1791, org.springframework.test.context.transaction.TransactionalTestExecutionListener@54504ecd, org.springframework.test.context.jdbc.SqlScriptsTestExecutionListener@38b27cdc, org.springframework.security.test.context.support.WithSecurityContextTestExecutionListener@1339e7aa, org.springframework.test.context.event.EventPublishingTestExecutionListener@1fb669c3, org.springframework.security.test.context.support.ReactorContextTestExecutionListener@49c66ade, org.springframework.boot.test.mock.mockito.ResetMocksTestExecutionListener@6239aba6, org.springframework.boot.test.autoconfigure.restdocs.RestDocsTestExecutionListener@3e6104fc, org.springframework.boot.test.autoconfigure.web.client.MockRestServiceServerResetTestExecutionListener@12359a82, org.springframework.boot.test.autoconfigure.web.servlet.MockMvcPrintOnlyOnFailureTestExecutionListener@68df9280, org.springframework.boot.test.autoconfigure.web.servlet.WebDriverTestExecutionListener@479460a6, org.springframework.boot.test.autoconfigure.webservices.client.MockWebServiceServerTestExecutionListener@7164ca4c]
12:45:01.962 [main] DEBUG org.springframework.test.context.support.AbstractDirtiesContextTestExecutionListener - Before test class: context [DefaultTestContext@132e0cc testClass = CloudServiceIntegrationTest, testInstance = [null], testMethod = [null], testException = [null], mergedContextConfiguration = [WebMergedContextConfiguration@7b205dbd testClass = CloudServiceIntegrationTest, locations = '{}', classes = '{class ru.netology.cloud_service_app.CloudServiceAppApplication}', contextInitializerClasses = '[class ru.netology.cloud_service_app.integration_tests.CloudServiceIntegrationTest$Initializer]', activeProfiles = '{}', propertySourceLocations = '{}', propertySourceProperties = '{org.springframework.boot.test.context.SpringBootTestContextBootstrapper=true, server.port=0}', contextCustomizers = set[org.springframework.boot.test.context.filter.ExcludeFilterContextCustomizer@3d5c822d, org.springframework.boot.test.json.DuplicateJsonObjectContextCustomizerFactory$DuplicateJsonObjectContextCustomizer@49c7b90e, org.springframework.boot.test.mock.mockito.MockitoContextCustomizer@0, org.springframework.boot.test.web.client.TestRestTemplateContextCustomizer@bd4dc25, org.springframework.boot.test.autoconfigure.actuate.metrics.MetricsExportContextCustomizerFactory$DisableMetricExportContextCustomizer@4d0f2471, org.springframework.boot.test.autoconfigure.properties.PropertyMappingContextCustomizer@0, org.springframework.boot.test.autoconfigure.web.servlet.WebDriverContextCustomizerFactory$Customizer@1e04fa0a, org.springframework.boot.test.context.SpringBootTestArgs@1, org.springframework.boot.test.context.SpringBootTestWebEnvironment@3d24753a], resourceBasePath = 'src/main/webapp', contextLoader = 'org.springframework.boot.test.context.SpringBootContextLoader', parent = [null]], attributes = map['org.springframework.test.context.web.ServletTestExecutionListener.activateListener' -> false]], class annotated with @DirtiesContext [false] with mode [null].
12:45:02.394 [main] DEBUG org.testcontainers.utility.TestcontainersConfiguration - Testcontainers configuration overrides will be loaded from file:/Users/maksim/.testcontainers.properties
12:45:02.400 [main] INFO org.testcontainers.dockerclient.DockerClientProviderStrategy - Loaded org.testcontainers.dockerclient.UnixSocketClientProviderStrategy from ~/.testcontainers.properties, will try it first
12:45:02.699 [ducttape-0] DEBUG org.testcontainers.dockerclient.DockerClientProviderStrategy - Pinging docker daemon...
12:45:02.718 [ducttape-0] DEBUG org.testcontainers.shaded.com.github.dockerjava.core.command.AbstrDockerCmd - Cmd:
12:45:03.015 [main] INFO org.testcontainers.dockerclient.DockerClientProviderStrategy - Found Docker environment with local Unix socket (unix:///var/run/docker.sock)
12:45:03.016 [main] DEBUG org.testcontainers.dockerclient.DockerClientProviderStrategy - Transport type: 'okhttp', Docker host: 'unix:///var/run/docker.sock'
12:45:03.016 [main] DEBUG org.testcontainers.dockerclient.DockerClientProviderStrategy - Checking Docker OS type for local Unix socket (unix:///var/run/docker.sock)
12:45:03.017 [main] INFO org.testcontainers.DockerClientFactory - Docker host IP address is localhost
12:45:03.018 [main] DEBUG org.testcontainers.shaded.com.github.dockerjava.core.command.AbstrDockerCmd - Cmd:
12:45:03.045 [main] DEBUG org.testcontainers.shaded.com.github.dockerjava.core.command.AbstrDockerCmd - Cmd:
12:45:03.081 [main] INFO org.testcontainers.DockerClientFactory - Connected to docker:
  Server Version: 20.10.7
  API Version: 1.41
  Operating System: Docker Desktop
  Total Memory: 1987 MB
12:45:03.082 [main] DEBUG org.testcontainers.DockerClientFactory - Ryuk is enabled
12:45:03.085 [main] INFO org.testcontainers.utility.ImageNameSubstitutor - Image name substitution will be performed by: DefaultImageNameSubstitutor (composite of 'ConfigurationFileImageNameSubstitutor' and 'PrefixingImageNameSubstitutor')
12:45:03.087 [main] DEBUG org.testcontainers.utility.PrefixingImageNameSubstitutor - No prefix is configured
12:45:03.087 [main] DEBUG org.testcontainers.utility.ImageNameSubstitutor - Did not find a substitute image for testcontainers/ryuk:0.3.1 (using image substitutor: DefaultImageNameSubstitutor (composite of 'ConfigurationFileImageNameSubstitutor' and 'PrefixingImageNameSubstitutor'))
12:45:03.088 [main] DEBUG org.testcontainers.shaded.com.github.dockerjava.core.command.AbstrDockerCmd - Cmd: testcontainers/ryuk:0.3.1
12:45:03.128 [main] DEBUG org.testcontainers.utility.RegistryAuthLocator - Looking up auth config for image: testcontainers/ryuk:0.3.1 at registry: index.docker.io
12:45:03.128 [main] DEBUG org.testcontainers.utility.RegistryAuthLocator - RegistryAuthLocator has configFile: /Users/maksim/.docker/config.json (exists) and commandPathPrefix:
12:45:03.132 [main] DEBUG org.testcontainers.utility.RegistryAuthLocator - registryName [index.docker.io] for dockerImageName [testcontainers/ryuk:0.3.1]
12:45:03.132 [main] DEBUG org.testcontainers.utility.RegistryAuthLocator - Executing docker credential provider: docker-credential-desktop to locate auth config for: index.docker.io
12:45:03.139 [main] DEBUG org.testcontainers.shaded.org.zeroturnaround.exec.ProcessExecutor - Executing [docker-credential-desktop, get].
12:45:03.147 [main] DEBUG org.testcontainers.shaded.org.zeroturnaround.exec.ProcessExecutor - Started Process[pid=12108, exitValue="not exited"]
12:45:03.376 [WaitForProcess-Process[pid=12108, exitValue="not exited"]] DEBUG org.testcontainers.shaded.org.zeroturnaround.exec.WaitForProcess - Process[pid=12108, exitValue=0] stopped with exit code 0
12:45:03.379 [main] DEBUG org.testcontainers.utility.RegistryAuthLocator - Credential helper/store provided auth config for: index.docker.io
12:45:03.380 [main] DEBUG org.testcontainers.utility.RegistryAuthLocator - found creds store auth config [AuthConfig{username=maximenefedov, password=hidden non-blank value, auth=blank, email=null, registryAddress=index.docker.io, registryToken=blank}]
12:45:03.381 [main] DEBUG org.testcontainers.utility.RegistryAuthLocator - Cached auth found: [AuthConfig{username=maximenefedov, password=hidden non-blank value, auth=blank, email=null, registryAddress=index.docker.io, registryToken=blank}]
12:45:03.381 [main] DEBUG org.testcontainers.dockerclient.AuthDelegatingDockerClientConfig - Effective auth config [AuthConfig{username=maximenefedov, password=hidden non-blank value, auth=blank, email=null, registryAddress=index.docker.io, registryToken=blank}]
12:45:03.384 [main] DEBUG org.testcontainers.shaded.com.github.dockerjava.core.command.AbstrDockerCmd - Cmd: org.testcontainers.shaded.com.github.dockerjava.core.command.CreateContainerCmdImpl@3e48e859[name=testcontainers-ryuk-53cd8087-0787-4a9a-9226-20f46091f2e1,hostName=<null>,domainName=<null>,user=<null>,attachStdin=<null>,attachStdout=<null>,attachStderr=<null>,portSpecs=<null>,tty=<null>,stdinOpen=<null>,stdInOnce=<null>,env=<null>,cmd=<null>,healthcheck=<null>,argsEscaped=<null>,entrypoint=<null>,image=testcontainers/ryuk:0.3.1,volumes=com.github.dockerjava.api.model.Volumes@1cbb3d3b,workingDir=<null>,macAddress=<null>,onBuild=<null>,networkDisabled=<null>,exposedPorts=com.github.dockerjava.api.model.ExposedPorts@529cfee5,stopSignal=<null>,stopTimeout=<null>,hostConfig=HostConfig(binds=[/var/run/docker.sock:/var/run/docker.sock:rw], blkioWeight=null, blkioWeightDevice=null, blkioDeviceReadBps=null, blkioDeviceWriteBps=null, blkioDeviceReadIOps=null, blkioDeviceWriteIOps=null, memorySwappiness=null, nanoCPUs=null, capAdd=null, capDrop=null, containerIDFile=null, cpuPeriod=null, cpuRealtimePeriod=null, cpuRealtimeRuntime=null, cpuShares=null, cpuQuota=null, cpusetCpus=null, cpusetMems=null, devices=null, deviceCgroupRules=null, deviceRequests=null, diskQuota=null, dns=null, dnsOptions=null, dnsSearch=null, extraHosts=null, groupAdd=null, ipcMode=null, cgroup=null, links=[], logConfig=LogConfig(type=null, config=null), lxcConf=null, memory=null, memorySwap=null, memoryReservation=null, kernelMemory=null, networkMode=null, oomKillDisable=null, init=null, autoRemove=true, oomScoreAdj=null, portBindings=null, privileged=false, publishAllPorts=true, readonlyRootfs=null, restartPolicy=null, ulimits=null, cpuCount=null, cpuPercent=null, ioMaximumIOps=null, ioMaximumBandwidth=null, volumesFrom=null, mounts=null, pidMode=null, isolation=null, securityOpts=null, storageOpt=null, cgroupParent=null, volumeDriver=null, shmSize=null, pidsLimit=null, runtime=null, tmpFs=null, utSMode=null, usernsMode=null, sysctls=null, consoleSize=null),labels={org.testcontainers=true},shell=<null>,networkingConfig=<null>,ipv4Address=<null>,ipv6Address=<null>,aliases=<null>,authConfig=AuthConfig(username=maximenefedov, email=null, registryAddress=index.docker.io, stackOrchestrator=null)]
12:45:03.535 [main] DEBUG org.testcontainers.shaded.com.github.dockerjava.core.command.AbstrDockerCmd - Cmd: 7af38916ca4e7d4ce9323b84b35cb514f20aca33209b09761b0695b162a3198a
12:45:05.138 [main] DEBUG org.testcontainers.shaded.com.github.dockerjava.core.command.AbstrDockerCmd - Cmd: 7af38916ca4e7d4ce9323b84b35cb514f20aca33209b09761b0695b162a3198a,false
12:45:05.139 [main] DEBUG org.testcontainers.shaded.com.github.dockerjava.core.exec.InspectContainerCmdExec - GET: DefaultWebTarget{path=[/containers/7af38916ca4e7d4ce9323b84b35cb514f20aca33209b09761b0695b162a3198a/json], queryParams={}}
12:45:05.244 [testcontainers-ryuk] DEBUG org.testcontainers.utility.ResourceReaper - Sending 'label=org.testcontainers%3Dtrue&label=org.testcontainers.sessionId%3D53cd8087-0787-4a9a-9226-20f46091f2e1' to Ryuk
12:45:05.251 [testcontainers-ryuk] DEBUG org.testcontainers.utility.ResourceReaper - Received 'ACK' from Ryuk
12:45:05.252 [main] INFO org.testcontainers.DockerClientFactory - Ryuk started - will monitor and terminate Testcontainers containers on JVM exit
12:45:05.253 [main] DEBUG org.testcontainers.DockerClientFactory - Checks are enabled
12:45:05.253 [main] INFO org.testcontainers.DockerClientFactory - Checking the system...
12:45:05.253 [main] INFO org.testcontainers.DockerClientFactory - ‚úîÔ∏é Docker server version should be at least 1.6.0
12:45:05.256 [main] DEBUG org.testcontainers.shaded.com.github.dockerjava.core.command.AbstrDockerCmd - Cmd: 7af38916ca4e7d4ce9323b84b35cb514f20aca33209b09761b0695b162a3198a,<null>,true,<null>,<null>,<null>,<null>,{df,-P},<null>,<null>
12:45:05.453 [main] INFO org.testcontainers.DockerClientFactory - ‚úîÔ∏é Docker environment should have more than 2GB free disk space
12:45:05.454 [main] DEBUG org.testcontainers.utility.PrefixingImageNameSubstitutor - No prefix is configured
12:45:05.454 [main] DEBUG org.testcontainers.utility.ImageNameSubstitutor - Did not find a substitute image for postgres:latest (using image substitutor: DefaultImageNameSubstitutor (composite of 'ConfigurationFileImageNameSubstitutor' and 'PrefixingImageNameSubstitutor'))
12:45:05.459 [main] DEBUG org.testcontainers.shaded.com.github.dockerjava.core.command.AbstrDockerCmd - Cmd: ListImagesCmdImpl[imageNameFilter=<null>,showAll=false,filters=org.testcontainers.shaded.com.github.dockerjava.core.util.FiltersBuilder@0]
12:45:05.486 [main] DEBUG üê≥ [postgres:latest] - postgres:latest is not in image name cache, updating...
12:45:05.486 [main] DEBUG org.testcontainers.shaded.com.github.dockerjava.core.command.AbstrDockerCmd - Cmd: postgres:latest
12:45:05.498 [main] DEBUG org.testcontainers.images.AbstractImagePullPolicy - Using locally available and not pulling image: postgres:latest
12:45:05.498 [main] DEBUG üê≥ [postgres:latest] - Starting container: postgres:latest
12:45:05.498 [main] DEBUG üê≥ [postgres:latest] - Trying to start container: postgres:latest (attempt 1/1)
12:45:05.498 [main] DEBUG üê≥ [postgres:latest] - Starting container: postgres:latest
12:45:05.499 [main] INFO üê≥ [postgres:latest] - Creating container for image: postgres:latest
12:45:05.499 [main] DEBUG org.testcontainers.utility.RegistryAuthLocator - Looking up auth config for image: postgres:latest at registry: index.docker.io
12:45:05.499 [main] DEBUG org.testcontainers.utility.RegistryAuthLocator - Cached auth found: [AuthConfig{username=maximenefedov, password=hidden non-blank value, auth=blank, email=null, registryAddress=index.docker.io, registryToken=blank}]
12:45:05.499 [main] DEBUG org.testcontainers.dockerclient.AuthDelegatingDockerClientConfig - Effective auth config [AuthConfig{username=maximenefedov, password=hidden non-blank value, auth=blank, email=null, registryAddress=index.docker.io, registryToken=blank}]
12:45:05.507 [main] DEBUG org.testcontainers.shaded.com.github.dockerjava.core.command.AbstrDockerCmd - Cmd: org.testcontainers.shaded.com.github.dockerjava.core.command.CreateContainerCmdImpl@57a48985[name=<null>,hostName=<null>,domainName=<null>,user=<null>,attachStdin=<null>,attachStdout=<null>,attachStderr=<null>,portSpecs=<null>,tty=<null>,stdinOpen=<null>,stdInOnce=<null>,env={POSTGRES_USER=postgres,POSTGRES_PASSWORD=root,POSTGRES_DB=postgres},cmd={postgres,-c,fsync=off},healthcheck=<null>,argsEscaped=<null>,entrypoint=<null>,image=postgres:latest,volumes=com.github.dockerjava.api.model.Volumes@1ab6718,workingDir=<null>,macAddress=<null>,onBuild=<null>,networkDisabled=<null>,exposedPorts=com.github.dockerjava.api.model.ExposedPorts@3910fe11,stopSignal=<null>,stopTimeout=<null>,hostConfig=HostConfig(binds=[], blkioWeight=null, blkioWeightDevice=null, blkioDeviceReadBps=null, blkioDeviceWriteBps=null, blkioDeviceReadIOps=null, blkioDeviceWriteIOps=null, memorySwappiness=null, nanoCPUs=null, capAdd=null, capDrop=null, containerIDFile=null, cpuPeriod=null, cpuRealtimePeriod=null, cpuRealtimeRuntime=null, cpuShares=null, cpuQuota=null, cpusetCpus=null, cpusetMems=null, devices=null, deviceCgroupRules=null, deviceRequests=null, diskQuota=null, dns=null, dnsOptions=null, dnsSearch=null, extraHosts=[], groupAdd=null, ipcMode=null, cgroup=null, links=[], logConfig=LogConfig(type=null, config=null), lxcConf=null, memory=null, memorySwap=null, memoryReservation=null, kernelMemory=null, networkMode=null, oomKillDisable=null, init=null, autoRemove=null, oomScoreAdj=null, portBindings={}, privileged=null, publishAllPorts=true, readonlyRootfs=null, restartPolicy=null, ulimits=null, cpuCount=null, cpuPercent=null, ioMaximumIOps=null, ioMaximumBandwidth=null, volumesFrom=[], mounts=null, pidMode=null, isolation=null, securityOpts=null, storageOpt=null, cgroupParent=null, volumeDriver=null, shmSize=null, pidsLimit=null, runtime=null, tmpFs=null, utSMode=null, usernsMode=null, sysctls=null, consoleSize=null),labels={org.testcontainers=true, org.testcontainers.sessionId=53cd8087-0787-4a9a-9226-20f46091f2e1},shell=<null>,networkingConfig=<null>,ipv4Address=<null>,ipv6Address=<null>,aliases=<null>,authConfig=AuthConfig(username=maximenefedov, email=null, registryAddress=index.docker.io, stackOrchestrator=null)]
12:45:05.579 [main] INFO üê≥ [postgres:latest] - Starting container with ID: 9181824f8e1d9112a69f4e71da6b73fff32932c9989e9cc6741c07746e438d84
12:45:05.579 [main] DEBUG org.testcontainers.shaded.com.github.dockerjava.core.command.AbstrDockerCmd - Cmd: 9181824f8e1d9112a69f4e71da6b73fff32932c9989e9cc6741c07746e438d84
12:45:07.082 [main] INFO üê≥ [postgres:latest] - Container postgres:latest is starting: 9181824f8e1d9112a69f4e71da6b73fff32932c9989e9cc6741c07746e438d84
12:45:07.083 [main] DEBUG org.testcontainers.shaded.com.github.dockerjava.core.command.AbstrDockerCmd - Cmd: 9181824f8e1d9112a69f4e71da6b73fff32932c9989e9cc6741c07746e438d84,false
12:45:07.083 [main] DEBUG org.testcontainers.shaded.com.github.dockerjava.core.exec.InspectContainerCmdExec - GET: DefaultWebTarget{path=[/containers/9181824f8e1d9112a69f4e71da6b73fff32932c9989e9cc6741c07746e438d84/json], queryParams={}}
12:45:07.091 [ducttape-0] DEBUG org.testcontainers.shaded.com.github.dockerjava.core.command.AbstrDockerCmd - Cmd: 9181824f8e1d9112a69f4e71da6b73fff32932c9989e9cc6741c07746e438d84,false
12:45:07.091 [ducttape-0] DEBUG org.testcontainers.shaded.com.github.dockerjava.core.exec.InspectContainerCmdExec - GET: DefaultWebTarget{path=[/containers/9181824f8e1d9112a69f4e71da6b73fff32932c9989e9cc6741c07746e438d84/json], queryParams={}}
12:45:07.149 [main] DEBUG org.testcontainers.containers.output.WaitingConsumer - STDOUT: The files belonging to this database system will be owned by user "postgres".
12:45:07.150 [main] DEBUG org.testcontainers.containers.output.WaitingConsumer - STDOUT: selecting dynamic shared memory implementation ... posix
12:45:07.150 [main] DEBUG org.testcontainers.containers.output.WaitingConsumer - STDOUT: creating subdirectories ... ok
12:45:07.150 [main] DEBUG org.testcontainers.containers.output.WaitingConsumer - STDOUT: fixing permissions on existing directory /var/lib/postgresql/data ... ok
12:45:07.150 [main] DEBUG org.testcontainers.containers.output.WaitingConsumer - STDOUT:
12:45:07.150 [main] DEBUG org.testcontainers.containers.output.WaitingConsumer - STDOUT: Data page checksums are disabled.
12:45:07.151 [main] DEBUG org.testcontainers.containers.output.WaitingConsumer - STDOUT:
12:45:07.151 [main] DEBUG org.testcontainers.containers.output.WaitingConsumer - STDOUT: The default text search configuration will be set to "english".
12:45:07.151 [main] DEBUG org.testcontainers.containers.output.WaitingConsumer - STDOUT: The default database encoding has accordingly been set to "UTF8".
12:45:07.151 [main] DEBUG org.testcontainers.containers.output.WaitingConsumer - STDOUT: The database cluster will be initialized with locale "en_US.utf8".
12:45:07.152 [main] DEBUG org.testcontainers.containers.output.WaitingConsumer - STDOUT:
12:45:07.152 [main] DEBUG org.testcontainers.containers.output.WaitingConsumer - STDOUT: This user must also own the server process.
12:45:07.170 [main] DEBUG org.testcontainers.containers.output.WaitingConsumer - STDOUT: selecting default max_connections ... 100
12:45:07.192 [main] DEBUG org.testcontainers.containers.output.WaitingConsumer - STDOUT: selecting default shared_buffers ... 128MB
12:45:07.212 [main] DEBUG org.testcontainers.containers.output.WaitingConsumer - STDOUT: selecting default time zone ... Etc/UTC
12:45:07.223 [main] DEBUG org.testcontainers.containers.output.WaitingConsumer - STDOUT: creating configuration files ... ok
12:45:07.417 [main] DEBUG org.testcontainers.containers.output.WaitingConsumer - STDOUT: running bootstrap script ... ok
12:45:08.155 [main] DEBUG org.testcontainers.containers.output.WaitingConsumer - STDOUT: performing post-bootstrap initialization ... ok
12:45:08.669 [main] DEBUG org.testcontainers.containers.output.WaitingConsumer - STDOUT: syncing data to disk ... ok
12:45:08.669 [main] DEBUG org.testcontainers.containers.output.WaitingConsumer - STDERR: --auth-local and --auth-host, the next time you run initdb.
12:45:08.669 [main] DEBUG org.testcontainers.containers.output.WaitingConsumer - STDERR: You can change this by editing pg_hba.conf or using the option -A, or
12:45:08.669 [main] DEBUG org.testcontainers.containers.output.WaitingConsumer - STDERR: initdb: warning: enabling "trust" authentication for local connections
12:45:08.669 [main] DEBUG org.testcontainers.containers.output.WaitingConsumer - STDOUT:
12:45:08.671 [main] DEBUG org.testcontainers.containers.output.WaitingConsumer - STDOUT:     pg_ctl -D /var/lib/postgresql/data -l logfile start
12:45:08.671 [main] DEBUG org.testcontainers.containers.output.WaitingConsumer - STDOUT:
12:45:08.671 [main] DEBUG org.testcontainers.containers.output.WaitingConsumer - STDOUT: Success. You can now start the database server using:
12:45:08.671 [main] DEBUG org.testcontainers.containers.output.WaitingConsumer - STDOUT:
12:45:08.671 [main] DEBUG org.testcontainers.containers.output.WaitingConsumer - STDOUT:
12:45:08.710 [main] DEBUG org.testcontainers.containers.output.WaitingConsumer - STDOUT: waiting for server to start....2021-07-07 09:45:08.710 UTC [48] LOG:  starting PostgreSQL 13.2 (Debian 13.2-1.pgdg100+1) on x86_64-pc-linux-gnu, compiled by gcc (Debian 8.3.0-6) 8.3.0, 64-bit
12:45:08.710 [main] DEBUG org.testcontainers.containers.output.WaitingConsumer - STDOUT: 2021-07-07 09:45:08.711 UTC [48] LOG:  listening on Unix socket "/var/run/postgresql/.s.PGSQL.5432"
12:45:08.721 [main] DEBUG org.testcontainers.containers.output.WaitingConsumer - STDOUT: 2021-07-07 09:45:08.719 UTC [48] LOG:  database system is ready to accept connections
12:45:08.721 [main] DEBUG org.testcontainers.containers.output.WaitingConsumer - STDOUT: 2021-07-07 09:45:08.714 UTC [49] LOG:  database system was shut down at 2021-07-07 09:45:08 UTC
12:45:08.793 [main] DEBUG org.testcontainers.containers.output.WaitingConsumer - STDOUT:  done
12:45:08.793 [main] DEBUG org.testcontainers.containers.output.WaitingConsumer - STDOUT: server started
12:45:08.875 [main] DEBUG org.testcontainers.containers.output.WaitingConsumer - STDOUT:
12:45:08.875 [main] DEBUG org.testcontainers.containers.output.WaitingConsumer - STDOUT:
12:45:08.875 [main] DEBUG org.testcontainers.containers.output.WaitingConsumer - STDOUT: /usr/local/bin/docker-entrypoint.sh: ignoring /docker-entrypoint-initdb.d/*
12:45:08.886 [main] DEBUG org.testcontainers.containers.output.WaitingConsumer - STDOUT: 2021-07-07 09:45:08.885 UTC [50] LOG:  shutting down
12:45:08.887 [main] DEBUG org.testcontainers.containers.output.WaitingConsumer - STDOUT: waiting for server to shut down....2021-07-07 09:45:08.883 UTC [48] LOG:  background worker "logical replication launcher" (PID 55) exited with exit code 1
12:45:08.887 [main] DEBUG org.testcontainers.containers.output.WaitingConsumer - STDOUT: 2021-07-07 09:45:08.879 UTC [48] LOG:  aborting any active transactions
12:45:08.887 [main] DEBUG org.testcontainers.containers.output.WaitingConsumer - STDOUT: 2021-07-07 09:45:08.878 UTC [48] LOG:  received fast shutdown request
12:45:08.902 [main] DEBUG org.testcontainers.containers.output.WaitingConsumer - STDOUT: 2021-07-07 09:45:08.902 UTC [48] LOG:  database system is shut down
12:45:08.982 [main] DEBUG org.testcontainers.containers.output.WaitingConsumer - STDOUT: server stopped
12:45:08.983 [main] DEBUG org.testcontainers.containers.output.WaitingConsumer - STDOUT:  done
12:45:08.983 [main] DEBUG org.testcontainers.containers.output.WaitingConsumer - STDOUT:
12:45:08.983 [main] DEBUG org.testcontainers.containers.output.WaitingConsumer - STDOUT:
12:45:08.983 [main] DEBUG org.testcontainers.containers.output.WaitingConsumer - STDOUT: PostgreSQL init process complete; ready for start up.
12:45:09.010 [main] DEBUG org.testcontainers.containers.output.WaitingConsumer - STDERR: 2021-07-07 09:45:09.011 UTC [1] LOG:  listening on IPv6 address "::", port 5432
12:45:09.011 [main] DEBUG org.testcontainers.containers.output.WaitingConsumer - STDERR: 2021-07-07 09:45:09.012 UTC [1] LOG:  listening on Unix socket "/var/run/postgresql/.s.PGSQL.5432"
12:45:09.011 [main] DEBUG org.testcontainers.containers.output.WaitingConsumer - STDERR: 2021-07-07 09:45:09.011 UTC [1] LOG:  listening on IPv4 address "0.0.0.0", port 5432
12:45:09.011 [main] DEBUG org.testcontainers.containers.output.WaitingConsumer - STDERR: 2021-07-07 09:45:09.011 UTC [1] LOG:  starting PostgreSQL 13.2 (Debian 13.2-1.pgdg100+1) on x86_64-pc-linux-gnu, compiled by gcc (Debian 8.3.0-6) 8.3.0, 64-bit
12:45:09.022 [main] DEBUG org.testcontainers.containers.output.WaitingConsumer - STDERR: 2021-07-07 09:45:09.023 UTC [1] LOG:  database system is ready to accept connections
12:45:09.023 [main] INFO üê≥ [postgres:latest] - Container postgres:latest started in PT3.569163S
12:45:09.026 [main] DEBUG org.testcontainers.utility.PrefixingImageNameSubstitutor - No prefix is configured
12:45:09.026 [main] DEBUG org.testcontainers.utility.ImageNameSubstitutor - Did not find a substitute image for cloud_service_app:1.0 (using image substitutor: DefaultImageNameSubstitutor (composite of 'ConfigurationFileImageNameSubstitutor' and 'PrefixingImageNameSubstitutor'))
12:45:09.026 [main] DEBUG org.testcontainers.images.AbstractImagePullPolicy - Using locally available and not pulling image: cloud_service_app:1.0
12:45:09.027 [main] DEBUG üê≥ [cloud_service_app:1.0] - Starting container: cloud_service_app:1.0
12:45:09.027 [main] DEBUG üê≥ [cloud_service_app:1.0] - Trying to start container: cloud_service_app:1.0 (attempt 1/1)
12:45:09.027 [main] DEBUG üê≥ [cloud_service_app:1.0] - Starting container: cloud_service_app:1.0
12:45:09.027 [main] INFO üê≥ [cloud_service_app:1.0] - Creating container for image: cloud_service_app:1.0
12:45:09.027 [main] DEBUG org.testcontainers.utility.RegistryAuthLocator - Looking up auth config for image: cloud_service_app:1.0 at registry: index.docker.io
12:45:09.027 [main] DEBUG org.testcontainers.utility.RegistryAuthLocator - Cached auth found: [AuthConfig{username=maximenefedov, password=hidden non-blank value, auth=blank, email=null, registryAddress=index.docker.io, registryToken=blank}]
12:45:09.027 [main] DEBUG org.testcontainers.dockerclient.AuthDelegatingDockerClientConfig - Effective auth config [AuthConfig{username=maximenefedov, password=hidden non-blank value, auth=blank, email=null, registryAddress=index.docker.io, registryToken=blank}]
12:45:09.028 [main] DEBUG org.testcontainers.shaded.com.github.dockerjava.core.command.AbstrDockerCmd - Cmd: org.testcontainers.shaded.com.github.dockerjava.core.command.CreateContainerCmdImpl@dc7b462[name=<null>,hostName=<null>,domainName=<null>,user=<null>,attachStdin=<null>,attachStdout=<null>,attachStderr=<null>,portSpecs=<null>,tty=<null>,stdinOpen=<null>,stdInOnce=<null>,env={SPRING_DATASOURCE_URL=jdbc:postgresql://postgres:5432/postgres},cmd={},healthcheck=<null>,argsEscaped=<null>,entrypoint=<null>,image=cloud_service_app:1.0,volumes=com.github.dockerjava.api.model.Volumes@1f51431,workingDir=<null>,macAddress=<null>,onBuild=<null>,networkDisabled=<null>,exposedPorts=com.github.dockerjava.api.model.ExposedPorts@26a2f7f9,stopSignal=<null>,stopTimeout=<null>,hostConfig=HostConfig(binds=[], blkioWeight=null, blkioWeightDevice=null, blkioDeviceReadBps=null, blkioDeviceWriteBps=null, blkioDeviceReadIOps=null, blkioDeviceWriteIOps=null, memorySwappiness=null, nanoCPUs=null, capAdd=null, capDrop=null, containerIDFile=null, cpuPeriod=null, cpuRealtimePeriod=null, cpuRealtimeRuntime=null, cpuShares=null, cpuQuota=null, cpusetCpus=null, cpusetMems=null, devices=null, deviceCgroupRules=null, deviceRequests=null, diskQuota=null, dns=null, dnsOptions=null, dnsSearch=null, extraHosts=[], groupAdd=null, ipcMode=null, cgroup=null, links=[], logConfig=LogConfig(type=null, config=null), lxcConf=null, memory=null, memorySwap=null, memoryReservation=null, kernelMemory=null, networkMode=null, oomKillDisable=null, init=null, autoRemove=null, oomScoreAdj=null, portBindings={}, privileged=null, publishAllPorts=true, readonlyRootfs=null, restartPolicy=null, ulimits=null, cpuCount=null, cpuPercent=null, ioMaximumIOps=null, ioMaximumBandwidth=null, volumesFrom=[], mounts=null, pidMode=null, isolation=null, securityOpts=null, storageOpt=null, cgroupParent=null, volumeDriver=null, shmSize=null, pidsLimit=null, runtime=null, tmpFs=null, utSMode=null, usernsMode=null, sysctls=null, consoleSize=null),labels={org.testcontainers=true, org.testcontainers.sessionId=53cd8087-0787-4a9a-9226-20f46091f2e1},shell=<null>,networkingConfig=<null>,ipv4Address=<null>,ipv6Address=<null>,aliases=<null>,authConfig=AuthConfig(username=maximenefedov, email=null, registryAddress=index.docker.io, stackOrchestrator=null)]
12:45:09.121 [main] INFO üê≥ [cloud_service_app:1.0] - Starting container with ID: 48052b90c2cbb424d0552120f01342dcd1c19ca865bc18827af6a2f70add4e80
12:45:09.122 [main] DEBUG org.testcontainers.shaded.com.github.dockerjava.core.command.AbstrDockerCmd - Cmd: 48052b90c2cbb424d0552120f01342dcd1c19ca865bc18827af6a2f70add4e80
12:45:10.742 [main] INFO üê≥ [cloud_service_app:1.0] - Container cloud_service_app:1.0 is starting: 48052b90c2cbb424d0552120f01342dcd1c19ca865bc18827af6a2f70add4e80
12:45:10.742 [main] DEBUG org.testcontainers.shaded.com.github.dockerjava.core.command.AbstrDockerCmd - Cmd: 48052b90c2cbb424d0552120f01342dcd1c19ca865bc18827af6a2f70add4e80,false
12:45:10.743 [main] DEBUG org.testcontainers.shaded.com.github.dockerjava.core.exec.InspectContainerCmdExec - GET: DefaultWebTarget{path=[/containers/48052b90c2cbb424d0552120f01342dcd1c19ca865bc18827af6a2f70add4e80/json], queryParams={}}
12:45:10.751 [ducttape-0] DEBUG org.testcontainers.shaded.com.github.dockerjava.core.command.AbstrDockerCmd - Cmd: 48052b90c2cbb424d0552120f01342dcd1c19ca865bc18827af6a2f70add4e80,false
12:45:10.751 [ducttape-0] DEBUG org.testcontainers.shaded.com.github.dockerjava.core.exec.InspectContainerCmdExec - GET: DefaultWebTarget{path=[/containers/48052b90c2cbb424d0552120f01342dcd1c19ca865bc18827af6a2f70add4e80/json], queryParams={}}
12:45:10.771 [ducttape-0] DEBUG org.testcontainers.containers.ExecInContainerPattern - /bold_carver: Running "exec" command: /bin/sh -c true &&  (cat /proc/net/tcp* | awk '{print $2}' | grep -i ':0*22b8' || nc -vz -w 1 localhost 8888 || /bin/bash -c '</dev/tcp/localhost/8888')
12:45:10.772 [ducttape-0] DEBUG org.testcontainers.shaded.com.github.dockerjava.core.command.AbstrDockerCmd - Cmd: 48052b90c2cbb424d0552120f01342dcd1c19ca865bc18827af6a2f70add4e80,<null>,true,true,<null>,<null>,<null>,{/bin/sh,-c,true &&  (cat /proc/net/tcp* | awk '{print $2}' | grep -i ':0*22b8' || nc -vz -w 1 localhost 8888 || /bin/bash -c '</dev/tcp/localhost/8888')},<null>,<null>
12:45:10.976 [ducttape-0] DEBUG org.testcontainers.shaded.com.github.dockerjava.core.command.AbstrDockerCmd - Cmd: 35721532029d09daa05b901ec26aa94e77cc1a28e6a7b986be681817402b8337
12:45:10.976 [ducttape-0] DEBUG org.testcontainers.shaded.com.github.dockerjava.core.exec.InspectExecCmdExec - GET: DefaultWebTarget{path=[/exec/35721532029d09daa05b901ec26aa94e77cc1a28e6a7b986be681817402b8337/json], queryParams={}}
12:45:11.993 [ducttape-0] DEBUG org.testcontainers.containers.ExecInContainerPattern - /bold_carver: Running "exec" command: /bin/sh -c true &&  (cat /proc/net/tcp* | awk '{print $2}' | grep -i ':0*22b8' || nc -vz -w 1 localhost 8888 || /bin/bash -c '</dev/tcp/localhost/8888')
12:45:11.993 [ducttape-0] DEBUG org.testcontainers.shaded.com.github.dockerjava.core.command.AbstrDockerCmd - Cmd: 48052b90c2cbb424d0552120f01342dcd1c19ca865bc18827af6a2f70add4e80,<null>,true,true,<null>,<null>,<null>,{/bin/sh,-c,true &&  (cat /proc/net/tcp* | awk '{print $2}' | grep -i ':0*22b8' || nc -vz -w 1 localhost 8888 || /bin/bash -c '</dev/tcp/localhost/8888')},<null>,<null>
12:45:12.230 [ducttape-0] DEBUG org.testcontainers.shaded.com.github.dockerjava.core.command.AbstrDockerCmd - Cmd: 633dfb5f63c4e2baf728904bb7cc4f45efdf9eba8fd17c9978f6328f70756c35
12:45:12.230 [ducttape-0] DEBUG org.testcontainers.shaded.com.github.dockerjava.core.exec.InspectExecCmdExec - GET: DefaultWebTarget{path=[/exec/633dfb5f63c4e2baf728904bb7cc4f45efdf9eba8fd17c9978f6328f70756c35/json], queryParams={}}
12:45:13.238 [ducttape-0] DEBUG org.testcontainers.containers.ExecInContainerPattern - /bold_carver: Running "exec" command: /bin/sh -c true &&  (cat /proc/net/tcp* | awk '{print $2}' | grep -i ':0*22b8' || nc -vz -w 1 localhost 8888 || /bin/bash -c '</dev/tcp/localhost/8888')
12:45:13.238 [ducttape-0] DEBUG org.testcontainers.shaded.com.github.dockerjava.core.command.AbstrDockerCmd - Cmd: 48052b90c2cbb424d0552120f01342dcd1c19ca865bc18827af6a2f70add4e80,<null>,true,true,<null>,<null>,<null>,{/bin/sh,-c,true &&  (cat /proc/net/tcp* | awk '{print $2}' | grep -i ':0*22b8' || nc -vz -w 1 localhost 8888 || /bin/bash -c '</dev/tcp/localhost/8888')},<null>,<null>
12:45:13.483 [ducttape-0] DEBUG org.testcontainers.shaded.com.github.dockerjava.core.command.AbstrDockerCmd - Cmd: b88bbe0ffa3bc171793420ffb6edace076200a98038d91b07d0b2d15b4e687df
12:45:13.484 [ducttape-0] DEBUG org.testcontainers.shaded.com.github.dockerjava.core.exec.InspectExecCmdExec - GET: DefaultWebTarget{path=[/exec/b88bbe0ffa3bc171793420ffb6edace076200a98038d91b07d0b2d15b4e687df/json], queryParams={}}
12:45:14.496 [ducttape-0] DEBUG org.testcontainers.containers.ExecInContainerPattern - /bold_carver: Running "exec" command: /bin/sh -c true &&  (cat /proc/net/tcp* | awk '{print $2}' | grep -i ':0*22b8' || nc -vz -w 1 localhost 8888 || /bin/bash -c '</dev/tcp/localhost/8888')
12:45:14.496 [ducttape-0] DEBUG org.testcontainers.shaded.com.github.dockerjava.core.command.AbstrDockerCmd - Cmd: 48052b90c2cbb424d0552120f01342dcd1c19ca865bc18827af6a2f70add4e80,<null>,true,true,<null>,<null>,<null>,{/bin/sh,-c,true &&  (cat /proc/net/tcp* | awk '{print $2}' | grep -i ':0*22b8' || nc -vz -w 1 localhost 8888 || /bin/bash -c '</dev/tcp/localhost/8888')},<null>,<null>
12:45:14.698 [ducttape-0] DEBUG org.testcontainers.shaded.com.github.dockerjava.core.command.AbstrDockerCmd - Cmd: e6a5ddf98637ee9b74a4ca92c469b4740c537d508b574cab8edc0e69c5b5432a
12:45:14.698 [ducttape-0] DEBUG org.testcontainers.shaded.com.github.dockerjava.core.exec.InspectExecCmdExec - GET: DefaultWebTarget{path=[/exec/e6a5ddf98637ee9b74a4ca92c469b4740c537d508b574cab8edc0e69c5b5432a/json], queryParams={}}
12:45:15.708 [ducttape-0] DEBUG org.testcontainers.containers.ExecInContainerPattern - /bold_carver: Running "exec" command: /bin/sh -c true &&  (cat /proc/net/tcp* | awk '{print $2}' | grep -i ':0*22b8' || nc -vz -w 1 localhost 8888 || /bin/bash -c '</dev/tcp/localhost/8888')
12:45:15.708 [ducttape-0] DEBUG org.testcontainers.shaded.com.github.dockerjava.core.command.AbstrDockerCmd - Cmd: 48052b90c2cbb424d0552120f01342dcd1c19ca865bc18827af6a2f70add4e80,<null>,true,true,<null>,<null>,<null>,{/bin/sh,-c,true &&  (cat /proc/net/tcp* | awk '{print $2}' | grep -i ':0*22b8' || nc -vz -w 1 localhost 8888 || /bin/bash -c '</dev/tcp/localhost/8888')},<null>,<null>
12:45:15.935 [ducttape-0] DEBUG org.testcontainers.shaded.com.github.dockerjava.core.command.AbstrDockerCmd - Cmd: fe2362dd12b95408c6b4871a8fd76ccf8d1b3a045619938ebd69a8eb72ea8afc
12:45:15.936 [ducttape-0] DEBUG org.testcontainers.shaded.com.github.dockerjava.core.exec.InspectExecCmdExec - GET: DefaultWebTarget{path=[/exec/fe2362dd12b95408c6b4871a8fd76ccf8d1b3a045619938ebd69a8eb72ea8afc/json], queryParams={}}
12:45:16.943 [ducttape-0] DEBUG org.testcontainers.containers.ExecInContainerPattern - /bold_carver: Running "exec" command: /bin/sh -c true &&  (cat /proc/net/tcp* | awk '{print $2}' | grep -i ':0*22b8' || nc -vz -w 1 localhost 8888 || /bin/bash -c '</dev/tcp/localhost/8888')
12:45:16.944 [ducttape-0] DEBUG org.testcontainers.shaded.com.github.dockerjava.core.command.AbstrDockerCmd - Cmd: 48052b90c2cbb424d0552120f01342dcd1c19ca865bc18827af6a2f70add4e80,<null>,true,true,<null>,<null>,<null>,{/bin/sh,-c,true &&  (cat /proc/net/tcp* | awk '{print $2}' | grep -i ':0*22b8' || nc -vz -w 1 localhost 8888 || /bin/bash -c '</dev/tcp/localhost/8888')},<null>,<null>
12:45:17.266 [ducttape-0] DEBUG org.testcontainers.shaded.com.github.dockerjava.core.command.AbstrDockerCmd - Cmd: 0a291d79dd91753737a43bdf08a331f9b28c963307d74531300a1d1370470954
12:45:17.267 [ducttape-0] DEBUG org.testcontainers.shaded.com.github.dockerjava.core.exec.InspectExecCmdExec - GET: DefaultWebTarget{path=[/exec/0a291d79dd91753737a43bdf08a331f9b28c963307d74531300a1d1370470954/json], queryParams={}}
12:45:18.278 [ducttape-0] DEBUG org.testcontainers.containers.ExecInContainerPattern - /bold_carver: Running "exec" command: /bin/sh -c true &&  (cat /proc/net/tcp* | awk '{print $2}' | grep -i ':0*22b8' || nc -vz -w 1 localhost 8888 || /bin/bash -c '</dev/tcp/localhost/8888')
12:45:18.278 [ducttape-0] DEBUG org.testcontainers.shaded.com.github.dockerjava.core.command.AbstrDockerCmd - Cmd: 48052b90c2cbb424d0552120f01342dcd1c19ca865bc18827af6a2f70add4e80,<null>,true,true,<null>,<null>,<null>,{/bin/sh,-c,true &&  (cat /proc/net/tcp* | awk '{print $2}' | grep -i ':0*22b8' || nc -vz -w 1 localhost 8888 || /bin/bash -c '</dev/tcp/localhost/8888')},<null>,<null>
12:45:18.642 [ducttape-0] DEBUG org.testcontainers.shaded.com.github.dockerjava.core.command.AbstrDockerCmd - Cmd: 3c9db349441f98467ed466f53598882289ec4a5fbe81e59e45f8c6eb32f660b4
12:45:18.642 [ducttape-0] DEBUG org.testcontainers.shaded.com.github.dockerjava.core.exec.InspectExecCmdExec - GET: DefaultWebTarget{path=[/exec/3c9db349441f98467ed466f53598882289ec4a5fbe81e59e45f8c6eb32f660b4/json], queryParams={}}
12:45:19.654 [ducttape-0] DEBUG org.testcontainers.containers.ExecInContainerPattern - /bold_carver: Running "exec" command: /bin/sh -c true &&  (cat /proc/net/tcp* | awk '{print $2}' | grep -i ':0*22b8' || nc -vz -w 1 localhost 8888 || /bin/bash -c '</dev/tcp/localhost/8888')
12:45:19.654 [ducttape-0] DEBUG org.testcontainers.shaded.com.github.dockerjava.core.command.AbstrDockerCmd - Cmd: 48052b90c2cbb424d0552120f01342dcd1c19ca865bc18827af6a2f70add4e80,<null>,true,true,<null>,<null>,<null>,{/bin/sh,-c,true &&  (cat /proc/net/tcp* | awk '{print $2}' | grep -i ':0*22b8' || nc -vz -w 1 localhost 8888 || /bin/bash -c '</dev/tcp/localhost/8888')},<null>,<null>
12:45:19.929 [ducttape-0] DEBUG org.testcontainers.shaded.com.github.dockerjava.core.command.AbstrDockerCmd - Cmd: 5234ce2c152c59d33785651ed236f35dc82c473af13f3f461c50139370879149
12:45:19.929 [ducttape-0] DEBUG org.testcontainers.shaded.com.github.dockerjava.core.exec.InspectExecCmdExec - GET: DefaultWebTarget{path=[/exec/5234ce2c152c59d33785651ed236f35dc82c473af13f3f461c50139370879149/json], queryParams={}}
12:45:20.941 [ducttape-0] DEBUG org.testcontainers.containers.ExecInContainerPattern - /bold_carver: Running "exec" command: /bin/sh -c true &&  (cat /proc/net/tcp* | awk '{print $2}' | grep -i ':0*22b8' || nc -vz -w 1 localhost 8888 || /bin/bash -c '</dev/tcp/localhost/8888')
12:45:20.941 [ducttape-0] DEBUG org.testcontainers.shaded.com.github.dockerjava.core.command.AbstrDockerCmd - Cmd: 48052b90c2cbb424d0552120f01342dcd1c19ca865bc18827af6a2f70add4e80,<null>,true,true,<null>,<null>,<null>,{/bin/sh,-c,true &&  (cat /proc/net/tcp* | awk '{print $2}' | grep -i ':0*22b8' || nc -vz -w 1 localhost 8888 || /bin/bash -c '</dev/tcp/localhost/8888')},<null>,<null>
12:45:21.188 [ducttape-0] DEBUG org.testcontainers.shaded.com.github.dockerjava.core.command.AbstrDockerCmd - Cmd: a062ae6466d65789e50d9ceb2e60274cf620820f0c6350bb59a074ef68dfd251
12:45:21.189 [ducttape-0] DEBUG org.testcontainers.shaded.com.github.dockerjava.core.exec.InspectExecCmdExec - GET: DefaultWebTarget{path=[/exec/a062ae6466d65789e50d9ceb2e60274cf620820f0c6350bb59a074ef68dfd251/json], queryParams={}}
12:45:22.198 [ducttape-0] DEBUG org.testcontainers.containers.ExecInContainerPattern - /bold_carver: Running "exec" command: /bin/sh -c true &&  (cat /proc/net/tcp* | awk '{print $2}' | grep -i ':0*22b8' || nc -vz -w 1 localhost 8888 || /bin/bash -c '</dev/tcp/localhost/8888')
12:45:22.198 [ducttape-0] DEBUG org.testcontainers.shaded.com.github.dockerjava.core.command.AbstrDockerCmd - Cmd: 48052b90c2cbb424d0552120f01342dcd1c19ca865bc18827af6a2f70add4e80,<null>,true,true,<null>,<null>,<null>,{/bin/sh,-c,true &&  (cat /proc/net/tcp* | awk '{print $2}' | grep -i ':0*22b8' || nc -vz -w 1 localhost 8888 || /bin/bash -c '</dev/tcp/localhost/8888')},<null>,<null>
12:45:23.592 [ducttape-0] DEBUG org.testcontainers.containers.ExecInContainerPattern - /bold_carver: Running "exec" command: /bin/sh -c true &&  (cat /proc/net/tcp* | awk '{print $2}' | grep -i ':0*22b8' || nc -vz -w 1 localhost 8888 || /bin/bash -c '</dev/tcp/localhost/8888')
12:45:23.593 [ducttape-0] DEBUG org.testcontainers.shaded.com.github.dockerjava.core.command.AbstrDockerCmd - Cmd: 48052b90c2cbb424d0552120f01342dcd1c19ca865bc18827af6a2f70add4e80,<null>,true,true,<null>,<null>,<null>,{/bin/sh,-c,true &&  (cat /proc/net/tcp* | awk '{print $2}' | grep -i ':0*22b8' || nc -vz -w 1 localhost 8888 || /bin/bash -c '</dev/tcp/localhost/8888')},<null>,<null>
12:45:24.639 [ducttape-0] DEBUG org.testcontainers.containers.ExecInContainerPattern - /bold_carver: Running "exec" command: /bin/sh -c true &&  (cat /proc/net/tcp* | awk '{print $2}' | grep -i ':0*22b8' || nc -vz -w 1 localhost 8888 || /bin/bash -c '</dev/tcp/localhost/8888')
12:45:24.639 [ducttape-0] DEBUG org.testcontainers.shaded.com.github.dockerjava.core.command.AbstrDockerCmd - Cmd: 48052b90c2cbb424d0552120f01342dcd1c19ca865bc18827af6a2f70add4e80,<null>,true,true,<null>,<null>,<null>,{/bin/sh,-c,true &&  (cat /proc/net/tcp* | awk '{print $2}' | grep -i ':0*22b8' || nc -vz -w 1 localhost 8888 || /bin/bash -c '</dev/tcp/localhost/8888')},<null>,<null>
12:45:25.681 [ducttape-0] DEBUG org.testcontainers.containers.ExecInContainerPattern - /bold_carver: Running "exec" command: /bin/sh -c true &&  (cat /proc/net/tcp* | awk '{print $2}' | grep -i ':0*22b8' || nc -vz -w 1 localhost 8888 || /bin/bash -c '</dev/tcp/localhost/8888')
12:45:25.681 [ducttape-0] DEBUG org.testcontainers.shaded.com.github.dockerjava.core.command.AbstrDockerCmd - Cmd: 48052b90c2cbb424d0552120f01342dcd1c19ca865bc18827af6a2f70add4e80,<null>,true,true,<null>,<null>,<null>,{/bin/sh,-c,true &&  (cat /proc/net/tcp* | awk '{print $2}' | grep -i ':0*22b8' || nc -vz -w 1 localhost 8888 || /bin/bash -c '</dev/tcp/localhost/8888')},<null>,<null>
12:45:26.741 [ducttape-0] DEBUG org.testcontainers.containers.ExecInContainerPattern - /bold_carver: Running "exec" command: /bin/sh -c true &&  (cat /proc/net/tcp* | awk '{print $2}' | grep -i ':0*22b8' || nc -vz -w 1 localhost 8888 || /bin/bash -c '</dev/tcp/localhost/8888')
12:45:26.742 [ducttape-0] DEBUG org.testcontainers.shaded.com.github.dockerjava.core.command.AbstrDockerCmd - Cmd: 48052b90c2cbb424d0552120f01342dcd1c19ca865bc18827af6a2f70add4e80,<null>,true,true,<null>,<null>,<null>,{/bin/sh,-c,true &&  (cat /proc/net/tcp* | awk '{print $2}' | grep -i ':0*22b8' || nc -vz -w 1 localhost 8888 || /bin/bash -c '</dev/tcp/localhost/8888')},<null>,<null>
12:45:27.782 [ducttape-0] DEBUG org.testcontainers.containers.ExecInContainerPattern - /bold_carver: Running "exec" command: /bin/sh -c true &&  (cat /proc/net/tcp* | awk '{print $2}' | grep -i ':0*22b8' || nc -vz -w 1 localhost 8888 || /bin/bash -c '</dev/tcp/localhost/8888')
12:45:27.782 [ducttape-0] DEBUG org.testcontainers.shaded.com.github.dockerjava.core.command.AbstrDockerCmd - Cmd: 48052b90c2cbb424d0552120f01342dcd1c19ca865bc18827af6a2f70add4e80,<null>,true,true,<null>,<null>,<null>,{/bin/sh,-c,true &&  (cat /proc/net/tcp* | awk '{print $2}' | grep -i ':0*22b8' || nc -vz -w 1 localhost 8888 || /bin/bash -c '</dev/tcp/localhost/8888')},<null>,<null>
12:45:28.842 [ducttape-0] DEBUG org.testcontainers.containers.ExecInContainerPattern - /bold_carver: Running "exec" command: /bin/sh -c true &&  (cat /proc/net/tcp* | awk '{print $2}' | grep -i ':0*22b8' || nc -vz -w 1 localhost 8888 || /bin/bash -c '</dev/tcp/localhost/8888')
12:45:28.842 [ducttape-0] DEBUG org.testcontainers.shaded.com.github.dockerjava.core.command.AbstrDockerCmd - Cmd: 48052b90c2cbb424d0552120f01342dcd1c19ca865bc18827af6a2f70add4e80,<null>,true,true,<null>,<null>,<null>,{/bin/sh,-c,true &&  (cat /proc/net/tcp* | awk '{print $2}' | grep -i ':0*22b8' || nc -vz -w 1 localhost 8888 || /bin/bash -c '</dev/tcp/localhost/8888')},<null>,<null>
12:45:29.884 [ducttape-0] DEBUG org.testcontainers.containers.ExecInContainerPattern - /bold_carver: Running "exec" command: /bin/sh -c true &&  (cat /proc/net/tcp* | awk '{print $2}' | grep -i ':0*22b8' || nc -vz -w 1 localhost 8888 || /bin/bash -c '</dev/tcp/localhost/8888')
12:45:29.885 [ducttape-0] DEBUG org.testcontainers.shaded.com.github.dockerjava.core.command.AbstrDockerCmd - Cmd: 48052b90c2cbb424d0552120f01342dcd1c19ca865bc18827af6a2f70add4e80,<null>,true,true,<null>,<null>,<null>,{/bin/sh,-c,true &&  (cat /proc/net/tcp* | awk '{print $2}' | grep -i ':0*22b8' || nc -vz -w 1 localhost 8888 || /bin/bash -c '</dev/tcp/localhost/8888')},<null>,<null>
12:45:30.950 [ducttape-0] DEBUG org.testcontainers.containers.ExecInContainerPattern - /bold_carver: Running "exec" command: /bin/sh -c true &&  (cat /proc/net/tcp* | awk '{print $2}' | grep -i ':0*22b8' || nc -vz -w 1 localhost 8888 || /bin/bash -c '</dev/tcp/localhost/8888')
12:45:30.951 [ducttape-0] DEBUG org.testcontainers.shaded.com.github.dockerjava.core.command.AbstrDockerCmd - Cmd: 48052b90c2cbb424d0552120f01342dcd1c19ca865bc18827af6a2f70add4e80,<null>,true,true,<null>,<null>,<null>,{/bin/sh,-c,true &&  (cat /proc/net/tcp* | awk '{print $2}' | grep -i ':0*22b8' || nc -vz -w 1 localhost 8888 || /bin/bash -c '</dev/tcp/localhost/8888')},<null>,<null>
12:45:32.001 [ducttape-0] DEBUG org.testcontainers.containers.ExecInContainerPattern - /bold_carver: Running "exec" command: /bin/sh -c true &&  (cat /proc/net/tcp* | awk '{print $2}' | grep -i ':0*22b8' || nc -vz -w 1 localhost 8888 || /bin/bash -c '</dev/tcp/localhost/8888')
12:45:32.001 [ducttape-0] DEBUG org.testcontainers.shaded.com.github.dockerjava.core.command.AbstrDockerCmd - Cmd: 48052b90c2cbb424d0552120f01342dcd1c19ca865bc18827af6a2f70add4e80,<null>,true,true,<null>,<null>,<null>,{/bin/sh,-c,true &&  (cat /proc/net/tcp* | awk '{print $2}' | grep -i ':0*22b8' || nc -vz -w 1 localhost 8888 || /bin/bash -c '</dev/tcp/localhost/8888')},<null>,<null>
12:45:33.041 [ducttape-0] DEBUG org.testcontainers.containers.ExecInContainerPattern - /bold_carver: Running "exec" command: /bin/sh -c true &&  (cat /proc/net/tcp* | awk '{print $2}' | grep -i ':0*22b8' || nc -vz -w 1 localhost 8888 || /bin/bash -c '</dev/tcp/localhost/8888')
12:45:33.041 [ducttape-0] DEBUG org.testcontainers.shaded.com.github.dockerjava.core.command.AbstrDockerCmd - Cmd: 48052b90c2cbb424d0552120f01342dcd1c19ca865bc18827af6a2f70add4e80,<null>,true,true,<null>,<null>,<null>,{/bin/sh,-c,true &&  (cat /proc/net/tcp* | awk '{print $2}' | grep -i ':0*22b8' || nc -vz -w 1 localhost 8888 || /bin/bash -c '</dev/tcp/localhost/8888')},<null>,<null>
12:45:34.103 [ducttape-0] DEBUG org.testcontainers.containers.ExecInContainerPattern - /bold_carver: Running "exec" command: /bin/sh -c true &&  (cat /proc/net/tcp* | awk '{print $2}' | grep -i ':0*22b8' || nc -vz -w 1 localhost 8888 || /bin/bash -c '</dev/tcp/localhost/8888')
12:45:34.103 [ducttape-0] DEBUG org.testcontainers.shaded.com.github.dockerjava.core.command.AbstrDockerCmd - Cmd: 48052b90c2cbb424d0552120f01342dcd1c19ca865bc18827af6a2f70add4e80,<null>,true,true,<null>,<null>,<null>,{/bin/sh,-c,true &&  (cat /proc/net/tcp* | awk '{print $2}' | grep -i ':0*22b8' || nc -vz -w 1 localhost 8888 || /bin/bash -c '</dev/tcp/localhost/8888')},<null>,<null>
12:45:35.143 [ducttape-0] DEBUG org.testcontainers.containers.ExecInContainerPattern - /bold_carver: Running "exec" command: /bin/sh -c true &&  (cat /proc/net/tcp* | awk '{print $2}' | grep -i ':0*22b8' || nc -vz -w 1 localhost 8888 || /bin/bash -c '</dev/tcp/localhost/8888')
12:45:35.143 [ducttape-0] DEBUG org.testcontainers.shaded.com.github.dockerjava.core.command.AbstrDockerCmd - Cmd: 48052b90c2cbb424d0552120f01342dcd1c19ca865bc18827af6a2f70add4e80,<null>,true,true,<null>,<null>,<null>,{/bin/sh,-c,true &&  (cat /proc/net/tcp* | awk '{print $2}' | grep -i ':0*22b8' || nc -vz -w 1 localhost 8888 || /bin/bash -c '</dev/tcp/localhost/8888')},<null>,<null>
12:45:36.182 [ducttape-0] DEBUG org.testcontainers.containers.ExecInContainerPattern - /bold_carver: Running "exec" command: /bin/sh -c true &&  (cat /proc/net/tcp* | awk '{print $2}' | grep -i ':0*22b8' || nc -vz -w 1 localhost 8888 || /bin/bash -c '</dev/tcp/localhost/8888')
12:45:36.183 [ducttape-0] DEBUG org.testcontainers.shaded.com.github.dockerjava.core.command.AbstrDockerCmd - Cmd: 48052b90c2cbb424d0552120f01342dcd1c19ca865bc18827af6a2f70add4e80,<null>,true,true,<null>,<null>,<null>,{/bin/sh,-c,true &&  (cat /proc/net/tcp* | awk '{print $2}' | grep -i ':0*22b8' || nc -vz -w 1 localhost 8888 || /bin/bash -c '</dev/tcp/localhost/8888')},<null>,<null>
12:45:37.252 [ducttape-0] DEBUG org.testcontainers.containers.ExecInContainerPattern - /bold_carver: Running "exec" command: /bin/sh -c true &&  (cat /proc/net/tcp* | awk '{print $2}' | grep -i ':0*22b8' || nc -vz -w 1 localhost 8888 || /bin/bash -c '</dev/tcp/localhost/8888')
12:45:37.252 [ducttape-0] DEBUG org.testcontainers.shaded.com.github.dockerjava.core.command.AbstrDockerCmd - Cmd: 48052b90c2cbb424d0552120f01342dcd1c19ca865bc18827af6a2f70add4e80,<null>,true,true,<null>,<null>,<null>,{/bin/sh,-c,true &&  (cat /proc/net/tcp* | awk '{print $2}' | grep -i ':0*22b8' || nc -vz -w 1 localhost 8888 || /bin/bash -c '</dev/tcp/localhost/8888')},<null>,<null>
12:45:38.298 [ducttape-0] DEBUG org.testcontainers.containers.ExecInContainerPattern - /bold_carver: Running "exec" command: /bin/sh -c true &&  (cat /proc/net/tcp* | awk '{print $2}' | grep -i ':0*22b8' || nc -vz -w 1 localhost 8888 || /bin/bash -c '</dev/tcp/localhost/8888')
12:45:38.298 [ducttape-0] DEBUG org.testcontainers.shaded.com.github.dockerjava.core.command.AbstrDockerCmd - Cmd: 48052b90c2cbb424d0552120f01342dcd1c19ca865bc18827af6a2f70add4e80,<null>,true,true,<null>,<null>,<null>,{/bin/sh,-c,true &&  (cat /proc/net/tcp* | awk '{print $2}' | grep -i ':0*22b8' || nc -vz -w 1 localhost 8888 || /bin/bash -c '</dev/tcp/localhost/8888')},<null>,<null>
12:45:39.347 [ducttape-0] DEBUG org.testcontainers.containers.ExecInContainerPattern - /bold_carver: Running "exec" command: /bin/sh -c true &&  (cat /proc/net/tcp* | awk '{print $2}' | grep -i ':0*22b8' || nc -vz -w 1 localhost 8888 || /bin/bash -c '</dev/tcp/localhost/8888')
12:45:39.347 [ducttape-0] DEBUG org.testcontainers.shaded.com.github.dockerjava.core.command.AbstrDockerCmd - Cmd: 48052b90c2cbb424d0552120f01342dcd1c19ca865bc18827af6a2f70add4e80,<null>,true,true,<null>,<null>,<null>,{/bin/sh,-c,true &&  (cat /proc/net/tcp* | awk '{print $2}' | grep -i ':0*22b8' || nc -vz -w 1 localhost 8888 || /bin/bash -c '</dev/tcp/localhost/8888')},<null>,<null>
12:45:40.492 [ducttape-0] DEBUG org.testcontainers.containers.ExecInContainerPattern - /bold_carver: Running "exec" command: /bin/sh -c true &&  (cat /proc/net/tcp* | awk '{print $2}' | grep -i ':0*22b8' || nc -vz -w 1 localhost 8888 || /bin/bash -c '</dev/tcp/localhost/8888')
12:45:40.492 [ducttape-0] DEBUG org.testcontainers.shaded.com.github.dockerjava.core.command.AbstrDockerCmd - Cmd: 48052b90c2cbb424d0552120f01342dcd1c19ca865bc18827af6a2f70add4e80,<null>,true,true,<null>,<null>,<null>,{/bin/sh,-c,true &&  (cat /proc/net/tcp* | awk '{print $2}' | grep -i ':0*22b8' || nc -vz -w 1 localhost 8888 || /bin/bash -c '</dev/tcp/localhost/8888')},<null>,<null>
12:45:41.591 [ducttape-0] DEBUG org.testcontainers.containers.ExecInContainerPattern - /bold_carver: Running "exec" command: /bin/sh -c true &&  (cat /proc/net/tcp* | awk '{print $2}' | grep -i ':0*22b8' || nc -vz -w 1 localhost 8888 || /bin/bash -c '</dev/tcp/localhost/8888')
12:45:41.592 [ducttape-0] DEBUG org.testcontainers.shaded.com.github.dockerjava.core.command.AbstrDockerCmd - Cmd: 48052b90c2cbb424d0552120f01342dcd1c19ca865bc18827af6a2f70add4e80,<null>,true,true,<null>,<null>,<null>,{/bin/sh,-c,true &&  (cat /proc/net/tcp* | awk '{print $2}' | grep -i ':0*22b8' || nc -vz -w 1 localhost 8888 || /bin/bash -c '</dev/tcp/localhost/8888')},<null>,<null>
12:45:42.688 [ducttape-0] DEBUG org.testcontainers.containers.ExecInContainerPattern - /bold_carver: Running "exec" command: /bin/sh -c true &&  (cat /proc/net/tcp* | awk '{print $2}' | grep -i ':0*22b8' || nc -vz -w 1 localhost 8888 || /bin/bash -c '</dev/tcp/localhost/8888')
12:45:42.688 [ducttape-0] DEBUG org.testcontainers.shaded.com.github.dockerjava.core.command.AbstrDockerCmd - Cmd: 48052b90c2cbb424d0552120f01342dcd1c19ca865bc18827af6a2f70add4e80,<null>,true,true,<null>,<null>,<null>,{/bin/sh,-c,true &&  (cat /proc/net/tcp* | awk '{print $2}' | grep -i ':0*22b8' || nc -vz -w 1 localhost 8888 || /bin/bash -c '</dev/tcp/localhost/8888')},<null>,<null>
12:45:43.736 [ducttape-0] DEBUG org.testcontainers.containers.ExecInContainerPattern - /bold_carver: Running "exec" command: /bin/sh -c true &&  (cat /proc/net/tcp* | awk '{print $2}' | grep -i ':0*22b8' || nc -vz -w 1 localhost 8888 || /bin/bash -c '</dev/tcp/localhost/8888')
12:45:43.736 [ducttape-0] DEBUG org.testcontainers.shaded.com.github.dockerjava.core.command.AbstrDockerCmd - Cmd: 48052b90c2cbb424d0552120f01342dcd1c19ca865bc18827af6a2f70add4e80,<null>,true,true,<null>,<null>,<null>,{/bin/sh,-c,true &&  (cat /proc/net/tcp* | awk '{print $2}' | grep -i ':0*22b8' || nc -vz -w 1 localhost 8888 || /bin/bash -c '</dev/tcp/localhost/8888')},<null>,<null>
12:45:44.778 [ducttape-0] DEBUG org.testcontainers.containers.ExecInContainerPattern - /bold_carver: Running "exec" command: /bin/sh -c true &&  (cat /proc/net/tcp* | awk '{print $2}' | grep -i ':0*22b8' || nc -vz -w 1 localhost 8888 || /bin/bash -c '</dev/tcp/localhost/8888')
12:45:44.778 [ducttape-0] DEBUG org.testcontainers.shaded.com.github.dockerjava.core.command.AbstrDockerCmd - Cmd: 48052b90c2cbb424d0552120f01342dcd1c19ca865bc18827af6a2f70add4e80,<null>,true,true,<null>,<null>,<null>,{/bin/sh,-c,true &&  (cat /proc/net/tcp* | awk '{print $2}' | grep -i ':0*22b8' || nc -vz -w 1 localhost 8888 || /bin/bash -c '</dev/tcp/localhost/8888')},<null>,<null>
12:45:45.820 [ducttape-0] DEBUG org.testcontainers.containers.ExecInContainerPattern - /bold_carver: Running "exec" command: /bin/sh -c true &&  (cat /proc/net/tcp* | awk '{print $2}' | grep -i ':0*22b8' || nc -vz -w 1 localhost 8888 || /bin/bash -c '</dev/tcp/localhost/8888')
12:45:45.820 [ducttape-0] DEBUG org.testcontainers.shaded.com.github.dockerjava.core.command.AbstrDockerCmd - Cmd: 48052b90c2cbb424d0552120f01342dcd1c19ca865bc18827af6a2f70add4e80,<null>,true,true,<null>,<null>,<null>,{/bin/sh,-c,true &&  (cat /proc/net/tcp* | awk '{print $2}' | grep -i ':0*22b8' || nc -vz -w 1 localhost 8888 || /bin/bash -c '</dev/tcp/localhost/8888')},<null>,<null>
12:45:46.863 [ducttape-0] DEBUG org.testcontainers.containers.ExecInContainerPattern - /bold_carver: Running "exec" command: /bin/sh -c true &&  (cat /proc/net/tcp* | awk '{print $2}' | grep -i ':0*22b8' || nc -vz -w 1 localhost 8888 || /bin/bash -c '</dev/tcp/localhost/8888')
12:45:46.863 [ducttape-0] DEBUG org.testcontainers.shaded.com.github.dockerjava.core.command.AbstrDockerCmd - Cmd: 48052b90c2cbb424d0552120f01342dcd1c19ca865bc18827af6a2f70add4e80,<null>,true,true,<null>,<null>,<null>,{/bin/sh,-c,true &&  (cat /proc/net/tcp* | awk '{print $2}' | grep -i ':0*22b8' || nc -vz -w 1 localhost 8888 || /bin/bash -c '</dev/tcp/localhost/8888')},<null>,<null>
12:45:47.900 [ducttape-0] DEBUG org.testcontainers.containers.ExecInContainerPattern - /bold_carver: Running "exec" command: /bin/sh -c true &&  (cat /proc/net/tcp* | awk '{print $2}' | grep -i ':0*22b8' || nc -vz -w 1 localhost 8888 || /bin/bash -c '</dev/tcp/localhost/8888')
12:45:47.900 [ducttape-0] DEBUG org.testcontainers.shaded.com.github.dockerjava.core.command.AbstrDockerCmd - Cmd: 48052b90c2cbb424d0552120f01342dcd1c19ca865bc18827af6a2f70add4e80,<null>,true,true,<null>,<null>,<null>,{/bin/sh,-c,true &&  (cat /proc/net/tcp* | awk '{print $2}' | grep -i ':0*22b8' || nc -vz -w 1 localhost 8888 || /bin/bash -c '</dev/tcp/localhost/8888')},<null>,<null>
12:45:48.941 [ducttape-0] DEBUG org.testcontainers.containers.ExecInContainerPattern - /bold_carver: Running "exec" command: /bin/sh -c true &&  (cat /proc/net/tcp* | awk '{print $2}' | grep -i ':0*22b8' || nc -vz -w 1 localhost 8888 || /bin/bash -c '</dev/tcp/localhost/8888')
12:45:48.941 [ducttape-0] DEBUG org.testcontainers.shaded.com.github.dockerjava.core.command.AbstrDockerCmd - Cmd: 48052b90c2cbb424d0552120f01342dcd1c19ca865bc18827af6a2f70add4e80,<null>,true,true,<null>,<null>,<null>,{/bin/sh,-c,true &&  (cat /proc/net/tcp* | awk '{print $2}' | grep -i ':0*22b8' || nc -vz -w 1 localhost 8888 || /bin/bash -c '</dev/tcp/localhost/8888')},<null>,<null>
12:45:49.998 [ducttape-0] DEBUG org.testcontainers.containers.ExecInContainerPattern - /bold_carver: Running "exec" command: /bin/sh -c true &&  (cat /proc/net/tcp* | awk '{print $2}' | grep -i ':0*22b8' || nc -vz -w 1 localhost 8888 || /bin/bash -c '</dev/tcp/localhost/8888')
12:45:49.998 [ducttape-0] DEBUG org.testcontainers.shaded.com.github.dockerjava.core.command.AbstrDockerCmd - Cmd: 48052b90c2cbb424d0552120f01342dcd1c19ca865bc18827af6a2f70add4e80,<null>,true,true,<null>,<null>,<null>,{/bin/sh,-c,true &&  (cat /proc/net/tcp* | awk '{print $2}' | grep -i ':0*22b8' || nc -vz -w 1 localhost 8888 || /bin/bash -c '</dev/tcp/localhost/8888')},<null>,<null>
12:45:51.038 [ducttape-0] DEBUG org.testcontainers.containers.ExecInContainerPattern - /bold_carver: Running "exec" command: /bin/sh -c true &&  (cat /proc/net/tcp* | awk '{print $2}' | grep -i ':0*22b8' || nc -vz -w 1 localhost 8888 || /bin/bash -c '</dev/tcp/localhost/8888')
12:45:51.038 [ducttape-0] DEBUG org.testcontainers.shaded.com.github.dockerjava.core.command.AbstrDockerCmd - Cmd: 48052b90c2cbb424d0552120f01342dcd1c19ca865bc18827af6a2f70add4e80,<null>,true,true,<null>,<null>,<null>,{/bin/sh,-c,true &&  (cat /proc/net/tcp* | awk '{print $2}' | grep -i ':0*22b8' || nc -vz -w 1 localhost 8888 || /bin/bash -c '</dev/tcp/localhost/8888')},<null>,<null>
12:45:52.077 [ducttape-0] DEBUG org.testcontainers.containers.ExecInContainerPattern - /bold_carver: Running "exec" command: /bin/sh -c true &&  (cat /proc/net/tcp* | awk '{print $2}' | grep -i ':0*22b8' || nc -vz -w 1 localhost 8888 || /bin/bash -c '</dev/tcp/localhost/8888')
12:45:52.078 [ducttape-0] DEBUG org.testcontainers.shaded.com.github.dockerjava.core.command.AbstrDockerCmd - Cmd: 48052b90c2cbb424d0552120f01342dcd1c19ca865bc18827af6a2f70add4e80,<null>,true,true,<null>,<null>,<null>,{/bin/sh,-c,true &&  (cat /proc/net/tcp* | awk '{print $2}' | grep -i ':0*22b8' || nc -vz -w 1 localhost 8888 || /bin/bash -c '</dev/tcp/localhost/8888')},<null>,<null>
12:45:53.113 [ducttape-0] DEBUG org.testcontainers.containers.ExecInContainerPattern - /bold_carver: Running "exec" command: /bin/sh -c true &&  (cat /proc/net/tcp* | awk '{print $2}' | grep -i ':0*22b8' || nc -vz -w 1 localhost 8888 || /bin/bash -c '</dev/tcp/localhost/8888')
12:45:53.114 [ducttape-0] DEBUG org.testcontainers.shaded.com.github.dockerjava.core.command.AbstrDockerCmd - Cmd: 48052b90c2cbb424d0552120f01342dcd1c19ca865bc18827af6a2f70add4e80,<null>,true,true,<null>,<null>,<null>,{/bin/sh,-c,true &&  (cat /proc/net/tcp* | awk '{print $2}' | grep -i ':0*22b8' || nc -vz -w 1 localhost 8888 || /bin/bash -c '</dev/tcp/localhost/8888')},<null>,<null>
12:45:54.149 [ducttape-0] DEBUG org.testcontainers.containers.ExecInContainerPattern - /bold_carver: Running "exec" command: /bin/sh -c true &&  (cat /proc/net/tcp* | awk '{print $2}' | grep -i ':0*22b8' || nc -vz -w 1 localhost 8888 || /bin/bash -c '</dev/tcp/localhost/8888')
12:45:54.150 [ducttape-0] DEBUG org.testcontainers.shaded.com.github.dockerjava.core.command.AbstrDockerCmd - Cmd: 48052b90c2cbb424d0552120f01342dcd1c19ca865bc18827af6a2f70add4e80,<null>,true,true,<null>,<null>,<null>,{/bin/sh,-c,true &&  (cat /proc/net/tcp* | awk '{print $2}' | grep -i ':0*22b8' || nc -vz -w 1 localhost 8888 || /bin/bash -c '</dev/tcp/localhost/8888')},<null>,<null>
12:45:55.239 [ducttape-0] DEBUG org.testcontainers.containers.ExecInContainerPattern - /bold_carver: Running "exec" command: /bin/sh -c true &&  (cat /proc/net/tcp* | awk '{print $2}' | grep -i ':0*22b8' || nc -vz -w 1 localhost 8888 || /bin/bash -c '</dev/tcp/localhost/8888')
12:45:55.239 [ducttape-0] DEBUG org.testcontainers.shaded.com.github.dockerjava.core.command.AbstrDockerCmd - Cmd: 48052b90c2cbb424d0552120f01342dcd1c19ca865bc18827af6a2f70add4e80,<null>,true,true,<null>,<null>,<null>,{/bin/sh,-c,true &&  (cat /proc/net/tcp* | awk '{print $2}' | grep -i ':0*22b8' || nc -vz -w 1 localhost 8888 || /bin/bash -c '</dev/tcp/localhost/8888')},<null>,<null>
12:45:56.284 [ducttape-0] DEBUG org.testcontainers.containers.ExecInContainerPattern - /bold_carver: Running "exec" command: /bin/sh -c true &&  (cat /proc/net/tcp* | awk '{print $2}' | grep -i ':0*22b8' || nc -vz -w 1 localhost 8888 || /bin/bash -c '</dev/tcp/localhost/8888')
12:45:56.284 [ducttape-0] DEBUG org.testcontainers.shaded.com.github.dockerjava.core.command.AbstrDockerCmd - Cmd: 48052b90c2cbb424d0552120f01342dcd1c19ca865bc18827af6a2f70add4e80,<null>,true,true,<null>,<null>,<null>,{/bin/sh,-c,true &&  (cat /proc/net/tcp* | awk '{print $2}' | grep -i ':0*22b8' || nc -vz -w 1 localhost 8888 || /bin/bash -c '</dev/tcp/localhost/8888')},<null>,<null>
12:45:57.331 [ducttape-0] DEBUG org.testcontainers.containers.ExecInContainerPattern - /bold_carver: Running "exec" command: /bin/sh -c true &&  (cat /proc/net/tcp* | awk '{print $2}' | grep -i ':0*22b8' || nc -vz -w 1 localhost 8888 || /bin/bash -c '</dev/tcp/localhost/8888')
12:45:57.332 [ducttape-0] DEBUG org.testcontainers.shaded.com.github.dockerjava.core.command.AbstrDockerCmd - Cmd: 48052b90c2cbb424d0552120f01342dcd1c19ca865bc18827af6a2f70add4e80,<null>,true,true,<null>,<null>,<null>,{/bin/sh,-c,true &&  (cat /proc/net/tcp* | awk '{print $2}' | grep -i ':0*22b8' || nc -vz -w 1 localhost 8888 || /bin/bash -c '</dev/tcp/localhost/8888')},<null>,<null>
12:45:58.370 [ducttape-0] DEBUG org.testcontainers.containers.ExecInContainerPattern - /bold_carver: Running "exec" command: /bin/sh -c true &&  (cat /proc/net/tcp* | awk '{print $2}' | grep -i ':0*22b8' || nc -vz -w 1 localhost 8888 || /bin/bash -c '</dev/tcp/localhost/8888')
12:45:58.370 [ducttape-0] DEBUG org.testcontainers.shaded.com.github.dockerjava.core.command.AbstrDockerCmd - Cmd: 48052b90c2cbb424d0552120f01342dcd1c19ca865bc18827af6a2f70add4e80,<null>,true,true,<null>,<null>,<null>,{/bin/sh,-c,true &&  (cat /proc/net/tcp* | awk '{print $2}' | grep -i ':0*22b8' || nc -vz -w 1 localhost 8888 || /bin/bash -c '</dev/tcp/localhost/8888')},<null>,<null>
12:45:59.410 [ducttape-0] DEBUG org.testcontainers.containers.ExecInContainerPattern - /bold_carver: Running "exec" command: /bin/sh -c true &&  (cat /proc/net/tcp* | awk '{print $2}' | grep -i ':0*22b8' || nc -vz -w 1 localhost 8888 || /bin/bash -c '</dev/tcp/localhost/8888')
12:45:59.411 [ducttape-0] DEBUG org.testcontainers.shaded.com.github.dockerjava.core.command.AbstrDockerCmd - Cmd: 48052b90c2cbb424d0552120f01342dcd1c19ca865bc18827af6a2f70add4e80,<null>,true,true,<null>,<null>,<null>,{/bin/sh,-c,true &&  (cat /proc/net/tcp* | awk '{print $2}' | grep -i ':0*22b8' || nc -vz -w 1 localhost 8888 || /bin/bash -c '</dev/tcp/localhost/8888')},<null>,<null>
12:46:00.448 [ducttape-0] DEBUG org.testcontainers.containers.ExecInContainerPattern - /bold_carver: Running "exec" command: /bin/sh -c true &&  (cat /proc/net/tcp* | awk '{print $2}' | grep -i ':0*22b8' || nc -vz -w 1 localhost 8888 || /bin/bash -c '</dev/tcp/localhost/8888')
12:46:00.448 [ducttape-0] DEBUG org.testcontainers.shaded.com.github.dockerjava.core.command.AbstrDockerCmd - Cmd: 48052b90c2cbb424d0552120f01342dcd1c19ca865bc18827af6a2f70add4e80,<null>,true,true,<null>,<null>,<null>,{/bin/sh,-c,true &&  (cat /proc/net/tcp* | awk '{print $2}' | grep -i ':0*22b8' || nc -vz -w 1 localhost 8888 || /bin/bash -c '</dev/tcp/localhost/8888')},<null>,<null>
12:46:01.494 [ducttape-0] DEBUG org.testcontainers.containers.ExecInContainerPattern - /bold_carver: Running "exec" command: /bin/sh -c true &&  (cat /proc/net/tcp* | awk '{print $2}' | grep -i ':0*22b8' || nc -vz -w 1 localhost 8888 || /bin/bash -c '</dev/tcp/localhost/8888')
12:46:01.494 [ducttape-0] DEBUG org.testcontainers.shaded.com.github.dockerjava.core.command.AbstrDockerCmd - Cmd: 48052b90c2cbb424d0552120f01342dcd1c19ca865bc18827af6a2f70add4e80,<null>,true,true,<null>,<null>,<null>,{/bin/sh,-c,true &&  (cat /proc/net/tcp* | awk '{print $2}' | grep -i ':0*22b8' || nc -vz -w 1 localhost 8888 || /bin/bash -c '</dev/tcp/localhost/8888')},<null>,<null>
12:46:02.531 [ducttape-0] DEBUG org.testcontainers.containers.ExecInContainerPattern - /bold_carver: Running "exec" command: /bin/sh -c true &&  (cat /proc/net/tcp* | awk '{print $2}' | grep -i ':0*22b8' || nc -vz -w 1 localhost 8888 || /bin/bash -c '</dev/tcp/localhost/8888')
12:46:02.532 [ducttape-0] DEBUG org.testcontainers.shaded.com.github.dockerjava.core.command.AbstrDockerCmd - Cmd: 48052b90c2cbb424d0552120f01342dcd1c19ca865bc18827af6a2f70add4e80,<null>,true,true,<null>,<null>,<null>,{/bin/sh,-c,true &&  (cat /proc/net/tcp* | awk '{print $2}' | grep -i ':0*22b8' || nc -vz -w 1 localhost 8888 || /bin/bash -c '</dev/tcp/localhost/8888')},<null>,<null>
12:46:03.590 [ducttape-0] DEBUG org.testcontainers.containers.ExecInContainerPattern - /bold_carver: Running "exec" command: /bin/sh -c true &&  (cat /proc/net/tcp* | awk '{print $2}' | grep -i ':0*22b8' || nc -vz -w 1 localhost 8888 || /bin/bash -c '</dev/tcp/localhost/8888')
12:46:03.590 [ducttape-0] DEBUG org.testcontainers.shaded.com.github.dockerjava.core.command.AbstrDockerCmd - Cmd: 48052b90c2cbb424d0552120f01342dcd1c19ca865bc18827af6a2f70add4e80,<null>,true,true,<null>,<null>,<null>,{/bin/sh,-c,true &&  (cat /proc/net/tcp* | awk '{print $2}' | grep -i ':0*22b8' || nc -vz -w 1 localhost 8888 || /bin/bash -c '</dev/tcp/localhost/8888')},<null>,<null>
12:46:04.647 [ducttape-0] DEBUG org.testcontainers.containers.ExecInContainerPattern - /bold_carver: Running "exec" command: /bin/sh -c true &&  (cat /proc/net/tcp* | awk '{print $2}' | grep -i ':0*22b8' || nc -vz -w 1 localhost 8888 || /bin/bash -c '</dev/tcp/localhost/8888')
12:46:04.648 [ducttape-0] DEBUG org.testcontainers.shaded.com.github.dockerjava.core.command.AbstrDockerCmd - Cmd: 48052b90c2cbb424d0552120f01342dcd1c19ca865bc18827af6a2f70add4e80,<null>,true,true,<null>,<null>,<null>,{/bin/sh,-c,true &&  (cat /proc/net/tcp* | awk '{print $2}' | grep -i ':0*22b8' || nc -vz -w 1 localhost 8888 || /bin/bash -c '</dev/tcp/localhost/8888')},<null>,<null>
12:46:05.684 [ducttape-0] DEBUG org.testcontainers.containers.ExecInContainerPattern - /bold_carver: Running "exec" command: /bin/sh -c true &&  (cat /proc/net/tcp* | awk '{print $2}' | grep -i ':0*22b8' || nc -vz -w 1 localhost 8888 || /bin/bash -c '</dev/tcp/localhost/8888')
12:46:05.684 [ducttape-0] DEBUG org.testcontainers.shaded.com.github.dockerjava.core.command.AbstrDockerCmd - Cmd: 48052b90c2cbb424d0552120f01342dcd1c19ca865bc18827af6a2f70add4e80,<null>,true,true,<null>,<null>,<null>,{/bin/sh,-c,true &&  (cat /proc/net/tcp* | awk '{print $2}' | grep -i ':0*22b8' || nc -vz -w 1 localhost 8888 || /bin/bash -c '</dev/tcp/localhost/8888')},<null>,<null>
12:46:06.731 [ducttape-0] DEBUG org.testcontainers.containers.ExecInContainerPattern - /bold_carver: Running "exec" command: /bin/sh -c true &&  (cat /proc/net/tcp* | awk '{print $2}' | grep -i ':0*22b8' || nc -vz -w 1 localhost 8888 || /bin/bash -c '</dev/tcp/localhost/8888')
12:46:06.731 [ducttape-0] DEBUG org.testcontainers.shaded.com.github.dockerjava.core.command.AbstrDockerCmd - Cmd: 48052b90c2cbb424d0552120f01342dcd1c19ca865bc18827af6a2f70add4e80,<null>,true,true,<null>,<null>,<null>,{/bin/sh,-c,true &&  (cat /proc/net/tcp* | awk '{print $2}' | grep -i ':0*22b8' || nc -vz -w 1 localhost 8888 || /bin/bash -c '</dev/tcp/localhost/8888')},<null>,<null>
12:46:07.766 [ducttape-0] DEBUG org.testcontainers.containers.ExecInContainerPattern - /bold_carver: Running "exec" command: /bin/sh -c true &&  (cat /proc/net/tcp* | awk '{print $2}' | grep -i ':0*22b8' || nc -vz -w 1 localhost 8888 || /bin/bash -c '</dev/tcp/localhost/8888')
12:46:07.766 [ducttape-0] DEBUG org.testcontainers.shaded.com.github.dockerjava.core.command.AbstrDockerCmd - Cmd: 48052b90c2cbb424d0552120f01342dcd1c19ca865bc18827af6a2f70add4e80,<null>,true,true,<null>,<null>,<null>,{/bin/sh,-c,true &&  (cat /proc/net/tcp* | awk '{print $2}' | grep -i ':0*22b8' || nc -vz -w 1 localhost 8888 || /bin/bash -c '</dev/tcp/localhost/8888')},<null>,<null>
12:46:08.802 [ducttape-0] DEBUG org.testcontainers.containers.ExecInContainerPattern - /bold_carver: Running "exec" command: /bin/sh -c true &&  (cat /proc/net/tcp* | awk '{print $2}' | grep -i ':0*22b8' || nc -vz -w 1 localhost 8888 || /bin/bash -c '</dev/tcp/localhost/8888')
12:46:08.802 [ducttape-0] DEBUG org.testcontainers.shaded.com.github.dockerjava.core.command.AbstrDockerCmd - Cmd: 48052b90c2cbb424d0552120f01342dcd1c19ca865bc18827af6a2f70add4e80,<null>,true,true,<null>,<null>,<null>,{/bin/sh,-c,true &&  (cat /proc/net/tcp* | awk '{print $2}' | grep -i ':0*22b8' || nc -vz -w 1 localhost 8888 || /bin/bash -c '</dev/tcp/localhost/8888')},<null>,<null>
12:46:09.836 [ducttape-0] DEBUG org.testcontainers.containers.ExecInContainerPattern - /bold_carver: Running "exec" command: /bin/sh -c true &&  (cat /proc/net/tcp* | awk '{print $2}' | grep -i ':0*22b8' || nc -vz -w 1 localhost 8888 || /bin/bash -c '</dev/tcp/localhost/8888')
12:46:09.836 [ducttape-0] DEBUG org.testcontainers.shaded.com.github.dockerjava.core.command.AbstrDockerCmd - Cmd: 48052b90c2cbb424d0552120f01342dcd1c19ca865bc18827af6a2f70add4e80,<null>,true,true,<null>,<null>,<null>,{/bin/sh,-c,true &&  (cat /proc/net/tcp* | awk '{print $2}' | grep -i ':0*22b8' || nc -vz -w 1 localhost 8888 || /bin/bash -c '</dev/tcp/localhost/8888')},<null>,<null>
12:46:10.785 [main] DEBUG üê≥ [cloud_service_app:1.0] - Wait strategy threw an exception
org.testcontainers.containers.ContainerLaunchException: Timed out waiting for container port to open (localhost ports: [55008] should be listening)
	at org.testcontainers.containers.wait.strategy.HostPortWaitStrategy.waitUntilReady(HostPortWaitStrategy.java:49)
	at org.testcontainers.containers.wait.strategy.AbstractWaitStrategy.waitUntilReady(AbstractWaitStrategy.java:35)
	at org.testcontainers.containers.GenericContainer.waitUntilContainerStarted(GenericContainer.java:892)
	at org.testcontainers.containers.GenericContainer.tryStart(GenericContainer.java:440)
	at org.testcontainers.containers.GenericContainer.lambda$doStart$0(GenericContainer.java:325)
	at org.rnorth.ducttape.unreliables.Unreliables.retryUntilSuccess(Unreliables.java:81)
	at org.testcontainers.containers.GenericContainer.doStart(GenericContainer.java:323)
	at org.testcontainers.containers.GenericContainer.start(GenericContainer.java:311)
	at org.testcontainers.junit.jupiter.TestcontainersExtension$StoreAdapter.start(TestcontainersExtension.java:242)
	at org.testcontainers.junit.jupiter.TestcontainersExtension$StoreAdapter.access$200(TestcontainersExtension.java:229)
	at org.testcontainers.junit.jupiter.TestcontainersExtension.lambda$null$1(TestcontainersExtension.java:59)
	at org.junit.jupiter.engine.execution.ExtensionValuesStore.lambda$getOrComputeIfAbsent$4(ExtensionValuesStore.java:86)
	at org.junit.jupiter.engine.execution.ExtensionValuesStore$MemoizingSupplier.computeValue(ExtensionValuesStore.java:223)
	at org.junit.jupiter.engine.execution.ExtensionValuesStore$MemoizingSupplier.get(ExtensionValuesStore.java:211)
	at org.junit.jupiter.engine.execution.ExtensionValuesStore$StoredValue.evaluate(ExtensionValuesStore.java:191)
	at org.junit.jupiter.engine.execution.ExtensionValuesStore$StoredValue.access$100(ExtensionValuesStore.java:171)
	at org.junit.jupiter.engine.execution.ExtensionValuesStore.getOrComputeIfAbsent(ExtensionValuesStore.java:89)
	at org.junit.jupiter.engine.execution.NamespaceAwareStore.getOrComputeIfAbsent(NamespaceAwareStore.java:53)
	at org.testcontainers.junit.jupiter.TestcontainersExtension.lambda$beforeAll$2(TestcontainersExtension.java:59)
	at java.base/java.util.ArrayList.forEach(ArrayList.java:1510)
	at org.testcontainers.junit.jupiter.TestcontainersExtension.beforeAll(TestcontainersExtension.java:59)
	at org.junit.jupiter.engine.descriptor.ClassBasedTestDescriptor.lambda$invokeBeforeAllCallbacks$8(ClassBasedTestDescriptor.java:368)
	at org.junit.platform.engine.support.hierarchical.ThrowableCollector.execute(ThrowableCollector.java:73)
	at org.junit.jupiter.engine.descriptor.ClassBasedTestDescriptor.invokeBeforeAllCallbacks(ClassBasedTestDescriptor.java:368)
	at org.junit.jupiter.engine.descriptor.ClassBasedTestDescriptor.before(ClassBasedTestDescriptor.java:192)
	at org.junit.jupiter.engine.descriptor.ClassBasedTestDescriptor.before(ClassBasedTestDescriptor.java:78)
	at org.junit.platform.engine.support.hierarchical.NodeTestTask.lambda$executeRecursively$5(NodeTestTask.java:136)
	at org.junit.platform.engine.support.hierarchical.ThrowableCollector.execute(ThrowableCollector.java:73)
	at org.junit.platform.engine.support.hierarchical.NodeTestTask.lambda$executeRecursively$7(NodeTestTask.java:129)
	at org.junit.platform.engine.support.hierarchical.Node.around(Node.java:137)
	at org.junit.platform.engine.support.hierarchical.NodeTestTask.lambda$executeRecursively$8(NodeTestTask.java:127)
	at org.junit.platform.engine.support.hierarchical.ThrowableCollector.execute(ThrowableCollector.java:73)
	at org.junit.platform.engine.support.hierarchical.NodeTestTask.executeRecursively(NodeTestTask.java:126)
	at org.junit.platform.engine.support.hierarchical.NodeTestTask.execute(NodeTestTask.java:84)
	at java.base/java.util.ArrayList.forEach(ArrayList.java:1510)
	at org.junit.platform.engine.support.hierarchical.SameThreadHierarchicalTestExecutorService.invokeAll(SameThreadHierarchicalTestExecutorService.java:38)
	at org.junit.platform.engine.support.hierarchical.NodeTestTask.lambda$executeRecursively$5(NodeTestTask.java:143)
	at org.junit.platform.engine.support.hierarchical.ThrowableCollector.execute(ThrowableCollector.java:73)
	at org.junit.platform.engine.support.hierarchical.NodeTestTask.lambda$executeRecursively$7(NodeTestTask.java:129)
	at org.junit.platform.engine.support.hierarchical.Node.around(Node.java:137)
	at org.junit.platform.engine.support.hierarchical.NodeTestTask.lambda$executeRecursively$8(NodeTestTask.java:127)
	at org.junit.platform.engine.support.hierarchical.ThrowableCollector.execute(ThrowableCollector.java:73)
	at org.junit.platform.engine.support.hierarchical.NodeTestTask.executeRecursively(NodeTestTask.java:126)
	at org.junit.platform.engine.support.hierarchical.NodeTestTask.execute(NodeTestTask.java:84)
	at org.junit.platform.engine.support.hierarchical.SameThreadHierarchicalTestExecutorService.submit(SameThreadHierarchicalTestExecutorService.java:32)
	at org.junit.platform.engine.support.hierarchical.HierarchicalTestExecutor.execute(HierarchicalTestExecutor.java:57)
	at org.junit.platform.engine.support.hierarchical.HierarchicalTestEngine.execute(HierarchicalTestEngine.java:51)
	at org.junit.platform.launcher.core.EngineExecutionOrchestrator.execute(EngineExecutionOrchestrator.java:108)
	at org.junit.platform.launcher.core.EngineExecutionOrchestrator.execute(EngineExecutionOrchestrator.java:88)
	at org.junit.platform.launcher.core.EngineExecutionOrchestrator.lambda$execute$0(EngineExecutionOrchestrator.java:54)
	at org.junit.platform.launcher.core.EngineExecutionOrchestrator.withInterceptedStreams(EngineExecutionOrchestrator.java:67)
	at org.junit.platform.launcher.core.EngineExecutionOrchestrator.execute(EngineExecutionOrchestrator.java:52)
	at org.junit.platform.launcher.core.DefaultLauncher.execute(DefaultLauncher.java:96)
	at org.junit.platform.launcher.core.DefaultLauncher.execute(DefaultLauncher.java:75)
	at com.intellij.junit5.JUnit5IdeaTestRunner.startRunnerWithArgs(JUnit5IdeaTestRunner.java:71)
	at com.intellij.rt.junit.IdeaTestRunner$Repeater.startRunnerWithArgs(IdeaTestRunner.java:33)
	at com.intellij.rt.junit.JUnitStarter.prepareStreamsAndStart(JUnitStarter.java:220)
	at com.intellij.rt.junit.JUnitStarter.main(JUnitStarter.java:53)
12:46:10.786 [main] DEBUG org.testcontainers.shaded.com.github.dockerjava.core.command.AbstrDockerCmd - Cmd: 48052b90c2cbb424d0552120f01342dcd1c19ca865bc18827af6a2f70add4e80,false
12:46:10.786 [main] DEBUG org.testcontainers.shaded.com.github.dockerjava.core.exec.InspectContainerCmdExec - GET: DefaultWebTarget{path=[/containers/48052b90c2cbb424d0552120f01342dcd1c19ca865bc18827af6a2f70add4e80/json], queryParams={}}
12:46:10.803 [main] ERROR üê≥ [cloud_service_app:1.0] - Could not start container
java.lang.IllegalStateException: Container exited with code 1
	at org.testcontainers.containers.GenericContainer.tryStart(GenericContainer.java:469)
	at org.testcontainers.containers.GenericContainer.lambda$doStart$0(GenericContainer.java:325)
	at org.rnorth.ducttape.unreliables.Unreliables.retryUntilSuccess(Unreliables.java:81)
	at org.testcontainers.containers.GenericContainer.doStart(GenericContainer.java:323)
	at org.testcontainers.containers.GenericContainer.start(GenericContainer.java:311)
	at org.testcontainers.junit.jupiter.TestcontainersExtension$StoreAdapter.start(TestcontainersExtension.java:242)
	at org.testcontainers.junit.jupiter.TestcontainersExtension$StoreAdapter.access$200(TestcontainersExtension.java:229)
	at org.testcontainers.junit.jupiter.TestcontainersExtension.lambda$null$1(TestcontainersExtension.java:59)
	at org.junit.jupiter.engine.execution.ExtensionValuesStore.lambda$getOrComputeIfAbsent$4(ExtensionValuesStore.java:86)
	at org.junit.jupiter.engine.execution.ExtensionValuesStore$MemoizingSupplier.computeValue(ExtensionValuesStore.java:223)
	at org.junit.jupiter.engine.execution.ExtensionValuesStore$MemoizingSupplier.get(ExtensionValuesStore.java:211)
	at org.junit.jupiter.engine.execution.ExtensionValuesStore$StoredValue.evaluate(ExtensionValuesStore.java:191)
	at org.junit.jupiter.engine.execution.ExtensionValuesStore$StoredValue.access$100(ExtensionValuesStore.java:171)
	at org.junit.jupiter.engine.execution.ExtensionValuesStore.getOrComputeIfAbsent(ExtensionValuesStore.java:89)
	at org.junit.jupiter.engine.execution.NamespaceAwareStore.getOrComputeIfAbsent(NamespaceAwareStore.java:53)
	at org.testcontainers.junit.jupiter.TestcontainersExtension.lambda$beforeAll$2(TestcontainersExtension.java:59)
	at java.base/java.util.ArrayList.forEach(ArrayList.java:1510)
	at org.testcontainers.junit.jupiter.TestcontainersExtension.beforeAll(TestcontainersExtension.java:59)
	at org.junit.jupiter.engine.descriptor.ClassBasedTestDescriptor.lambda$invokeBeforeAllCallbacks$8(ClassBasedTestDescriptor.java:368)
	at org.junit.platform.engine.support.hierarchical.ThrowableCollector.execute(ThrowableCollector.java:73)
	at org.junit.jupiter.engine.descriptor.ClassBasedTestDescriptor.invokeBeforeAllCallbacks(ClassBasedTestDescriptor.java:368)
	at org.junit.jupiter.engine.descriptor.ClassBasedTestDescriptor.before(ClassBasedTestDescriptor.java:192)
	at org.junit.jupiter.engine.descriptor.ClassBasedTestDescriptor.before(ClassBasedTestDescriptor.java:78)
	at org.junit.platform.engine.support.hierarchical.NodeTestTask.lambda$executeRecursively$5(NodeTestTask.java:136)
	at org.junit.platform.engine.support.hierarchical.ThrowableCollector.execute(ThrowableCollector.java:73)
	at org.junit.platform.engine.support.hierarchical.NodeTestTask.lambda$executeRecursively$7(NodeTestTask.java:129)
	at org.junit.platform.engine.support.hierarchical.Node.around(Node.java:137)
	at org.junit.platform.engine.support.hierarchical.NodeTestTask.lambda$executeRecursively$8(NodeTestTask.java:127)
	at org.junit.platform.engine.support.hierarchical.ThrowableCollector.execute(ThrowableCollector.java:73)
	at org.junit.platform.engine.support.hierarchical.NodeTestTask.executeRecursively(NodeTestTask.java:126)
	at org.junit.platform.engine.support.hierarchical.NodeTestTask.execute(NodeTestTask.java:84)
	at java.base/java.util.ArrayList.forEach(ArrayList.java:1510)
	at org.junit.platform.engine.support.hierarchical.SameThreadHierarchicalTestExecutorService.invokeAll(SameThreadHierarchicalTestExecutorService.java:38)
	at org.junit.platform.engine.support.hierarchical.NodeTestTask.lambda$executeRecursively$5(NodeTestTask.java:143)
	at org.junit.platform.engine.support.hierarchical.ThrowableCollector.execute(ThrowableCollector.java:73)
	at org.junit.platform.engine.support.hierarchical.NodeTestTask.lambda$executeRecursively$7(NodeTestTask.java:129)
	at org.junit.platform.engine.support.hierarchical.Node.around(Node.java:137)
	at org.junit.platform.engine.support.hierarchical.NodeTestTask.lambda$executeRecursively$8(NodeTestTask.java:127)
	at org.junit.platform.engine.support.hierarchical.ThrowableCollector.execute(ThrowableCollector.java:73)
	at org.junit.platform.engine.support.hierarchical.NodeTestTask.executeRecursively(NodeTestTask.java:126)
	at org.junit.platform.engine.support.hierarchical.NodeTestTask.execute(NodeTestTask.java:84)
	at org.junit.platform.engine.support.hierarchical.SameThreadHierarchicalTestExecutorService.submit(SameThreadHierarchicalTestExecutorService.java:32)
	at org.junit.platform.engine.support.hierarchical.HierarchicalTestExecutor.execute(HierarchicalTestExecutor.java:57)
	at org.junit.platform.engine.support.hierarchical.HierarchicalTestEngine.execute(HierarchicalTestEngine.java:51)
	at org.junit.platform.launcher.core.EngineExecutionOrchestrator.execute(EngineExecutionOrchestrator.java:108)
	at org.junit.platform.launcher.core.EngineExecutionOrchestrator.execute(EngineExecutionOrchestrator.java:88)
	at org.junit.platform.launcher.core.EngineExecutionOrchestrator.lambda$execute$0(EngineExecutionOrchestrator.java:54)
	at org.junit.platform.launcher.core.EngineExecutionOrchestrator.withInterceptedStreams(EngineExecutionOrchestrator.java:67)
	at org.junit.platform.launcher.core.EngineExecutionOrchestrator.execute(EngineExecutionOrchestrator.java:52)
	at org.junit.platform.launcher.core.DefaultLauncher.execute(DefaultLauncher.java:96)
	at org.junit.platform.launcher.core.DefaultLauncher.execute(DefaultLauncher.java:75)
	at com.intellij.junit5.JUnit5IdeaTestRunner.startRunnerWithArgs(JUnit5IdeaTestRunner.java:71)
	at com.intellij.rt.junit.IdeaTestRunner$Repeater.startRunnerWithArgs(IdeaTestRunner.java:33)
	at com.intellij.rt.junit.JUnitStarter.prepareStreamsAndStart(JUnitStarter.java:220)
	at com.intellij.rt.junit.JUnitStarter.main(JUnitStarter.java:53)
12:46:10.848 [main] ERROR üê≥ [cloud_service_app:1.0] - Log output from the failed container:
2021-07-07 06:45:13.646  INFO 1 --- [           main] r.n.c.CloudServiceAppApplication         : Starting CloudServiceAppApplication v0.0.1-SNAPSHOT using Java 14-ea on 48052b90c2cb with PID 1 (/cloud_service_app.jar started by root in /src)
2021-07-07 06:45:13.653  INFO 1 --- [           main] r.n.c.CloudServiceAppApplication         : No active profile set, falling back to default profiles: default
2021-07-07 06:45:14.904  WARN 1 --- [kground-preinit] o.s.h.c.j.Jackson2ObjectMapperBuilder    : For Jackson Kotlin classes support please add "com.fasterxml.jackson.module:jackson-module-kotlin" to the classpath
2021-07-07 06:45:16.168  INFO 1 --- [           main] .s.d.r.c.RepositoryConfigurationDelegate : Bootstrapping Spring Data JPA repositories in DEFAULT mode.
2021-07-07 06:45:16.386  INFO 1 --- [           main] .s.d.r.c.RepositoryConfigurationDelegate : Finished Spring Data repository scanning in 194 ms. Found 2 JPA repository interfaces.
2021-07-07 06:45:18.140  INFO 1 --- [           main] trationDelegate$BeanPostProcessorChecker : Bean 'org.springframework.security.access.expression.method.DefaultMethodSecurityExpressionHandler@76012793' of type [org.springframework.security.access.expression.method.DefaultMethodSecurityExpressionHandler] is not eligible for getting processed by all BeanPostProcessors (for example: not eligible for auto-proxying)
2021-07-07 06:45:18.153  INFO 1 --- [           main] trationDelegate$BeanPostProcessorChecker : Bean 'methodSecurityMetadataSource' of type [org.springframework.security.access.method.DelegatingMethodSecurityMetadataSource] is not eligible for getting processed by all BeanPostProcessors (for example: not eligible for auto-proxying)
2021-07-07 06:45:19.184  INFO 1 --- [           main] o.s.b.w.embedded.tomcat.TomcatWebServer  : Tomcat initialized with port(s): 8888 (http)
2021-07-07 06:45:19.213  INFO 1 --- [           main] o.apache.catalina.core.StandardService   : Starting service [Tomcat]
2021-07-07 06:45:19.214  INFO 1 --- [           main] org.apache.catalina.core.StandardEngine  : Starting Servlet engine: [Apache Tomcat/9.0.46]
2021-07-07 06:45:19.423  INFO 1 --- [           main] o.a.c.c.C.[Tomcat].[localhost].[/]       : Initializing Spring embedded WebApplicationContext
2021-07-07 06:45:19.424  INFO 1 --- [           main] w.s.c.ServletWebServerApplicationContext : Root WebApplicationContext: initialization completed in 5627 ms
2021-07-07 06:45:19.999  INFO 1 --- [           main] com.zaxxer.hikari.HikariDataSource       : HikariPool-1 - Starting...
2021-07-07 06:45:21.191 ERROR 1 --- [           main] com.zaxxer.hikari.pool.HikariPool        : HikariPool-1 - Exception during pool initialization.

org.postgresql.util.PSQLException: The connection attempt failed.
	at org.postgresql.core.v3.ConnectionFactoryImpl.openConnectionImpl(ConnectionFactoryImpl.java:315) ~[postgresql-42.2.20.jar!/:42.2.20]
	at org.postgresql.core.ConnectionFactory.openConnection(ConnectionFactory.java:51) ~[postgresql-42.2.20.jar!/:42.2.20]
	at org.postgresql.jdbc.PgConnection.<init>(PgConnection.java:223) ~[postgresql-42.2.20.jar!/:42.2.20]
	at org.postgresql.Driver.makeConnection(Driver.java:465) ~[postgresql-42.2.20.jar!/:42.2.20]
	at org.postgresql.Driver.connect(Driver.java:264) ~[postgresql-42.2.20.jar!/:42.2.20]
	at com.zaxxer.hikari.util.DriverDataSource.getConnection(DriverDataSource.java:138) ~[HikariCP-4.0.3.jar!/:na]
	at com.zaxxer.hikari.pool.PoolBase.newConnection(PoolBase.java:364) ~[HikariCP-4.0.3.jar!/:na]
	at com.zaxxer.hikari.pool.PoolBase.newPoolEntry(PoolBase.java:206) ~[HikariCP-4.0.3.jar!/:na]
	at com.zaxxer.hikari.pool.HikariPool.createPoolEntry(HikariPool.java:476) ~[HikariCP-4.0.3.jar!/:na]
	at com.zaxxer.hikari.pool.HikariPool.checkFailFast(HikariPool.java:561) ~[HikariCP-4.0.3.jar!/:na]
	at com.zaxxer.hikari.pool.HikariPool.<init>(HikariPool.java:115) ~[HikariCP-4.0.3.jar!/:na]
	at com.zaxxer.hikari.HikariDataSource.getConnection(HikariDataSource.java:112) ~[HikariCP-4.0.3.jar!/:na]
	at liquibase.integration.spring.SpringLiquibase.afterPropertiesSet(SpringLiquibase.java:272) ~[liquibase-core-4.3.3.jar!/:na]
	at org.springframework.beans.factory.support.AbstractAutowireCapableBeanFactory.invokeInitMethods(AbstractAutowireCapableBeanFactory.java:1845) ~[spring-beans-5.3.7.jar!/:5.3.7]
	at org.springframework.beans.factory.support.AbstractAutowireCapableBeanFactory.initializeBean(AbstractAutowireCapableBeanFactory.java:1782) ~[spring-beans-5.3.7.jar!/:5.3.7]
	at org.springframework.beans.factory.support.AbstractAutowireCapableBeanFactory.doCreateBean(AbstractAutowireCapableBeanFactory.java:602) ~[spring-beans-5.3.7.jar!/:5.3.7]
	at org.springframework.beans.factory.support.AbstractAutowireCapableBeanFactory.createBean(AbstractAutowireCapableBeanFactory.java:524) ~[spring-beans-5.3.7.jar!/:5.3.7]
	at org.springframework.beans.factory.support.AbstractBeanFactory.lambda$doGetBean$0(AbstractBeanFactory.java:335) ~[spring-beans-5.3.7.jar!/:5.3.7]
	at org.springframework.beans.factory.support.DefaultSingletonBeanRegistry.getSingleton(DefaultSingletonBeanRegistry.java:234) ~[spring-beans-5.3.7.jar!/:5.3.7]
	at org.springframework.beans.factory.support.AbstractBeanFactory.doGetBean(AbstractBeanFactory.java:333) ~[spring-beans-5.3.7.jar!/:5.3.7]
	at org.springframework.beans.factory.support.AbstractBeanFactory.getBean(AbstractBeanFactory.java:208) ~[spring-beans-5.3.7.jar!/:5.3.7]
	at org.springframework.beans.factory.support.AbstractBeanFactory.doGetBean(AbstractBeanFactory.java:322) ~[spring-beans-5.3.7.jar!/:5.3.7]
	at org.springframework.beans.factory.support.AbstractBeanFactory.getBean(AbstractBeanFactory.java:208) ~[spring-beans-5.3.7.jar!/:5.3.7]
	at org.springframework.context.support.AbstractApplicationContext.getBean(AbstractApplicationContext.java:1154) ~[spring-context-5.3.7.jar!/:5.3.7]
	at org.springframework.context.support.AbstractApplicationContext.finishBeanFactoryInitialization(AbstractApplicationContext.java:908) ~[spring-context-5.3.7.jar!/:5.3.7]
	at org.springframework.context.support.AbstractApplicationContext.refresh(AbstractApplicationContext.java:583) ~[spring-context-5.3.7.jar!/:5.3.7]
	at org.springframework.boot.web.servlet.context.ServletWebServerApplicationContext.refresh(ServletWebServerApplicationContext.java:145) ~[spring-boot-2.5.0.jar!/:2.5.0]
	at org.springframework.boot.SpringApplication.refresh(SpringApplication.java:758) ~[spring-boot-2.5.0.jar!/:2.5.0]
	at org.springframework.boot.SpringApplication.refreshContext(SpringApplication.java:438) ~[spring-boot-2.5.0.jar!/:2.5.0]
	at org.springframework.boot.SpringApplication.run(SpringApplication.java:337) ~[spring-boot-2.5.0.jar!/:2.5.0]
	at org.springframework.boot.SpringApplication.run(SpringApplication.java:1336) ~[spring-boot-2.5.0.jar!/:2.5.0]
	at org.springframework.boot.SpringApplication.run(SpringApplication.java:1325) ~[spring-boot-2.5.0.jar!/:2.5.0]
	at ru.netology.cloud_service_app.CloudServiceAppApplication.main(CloudServiceAppApplication.java:14) ~[classes!/:0.0.1-SNAPSHOT]
	at java.base/jdk.internal.reflect.NativeMethodAccessorImpl.invoke0(Native Method) ~[na:na]
	at java.base/jdk.internal.reflect.NativeMethodAccessorImpl.invoke(NativeMethodAccessorImpl.java:62) ~[na:na]
	at java.base/jdk.internal.reflect.DelegatingMethodAccessorImpl.invoke(DelegatingMethodAccessorImpl.java:43) ~[na:na]
	at java.base/java.lang.reflect.Method.invoke(Method.java:564) ~[na:na]
	at org.springframework.boot.loader.MainMethodRunner.run(MainMethodRunner.java:49) ~[cloud_service_app.jar:0.0.1-SNAPSHOT]
	at org.springframework.boot.loader.Launcher.launch(Launcher.java:108) ~[cloud_service_app.jar:0.0.1-SNAPSHOT]
	at org.springframework.boot.loader.Launcher.launch(Launcher.java:58) ~[cloud_service_app.jar:0.0.1-SNAPSHOT]
	at org.springframework.boot.loader.JarLauncher.main(JarLauncher.java:88) ~[cloud_service_app.jar:0.0.1-SNAPSHOT]
Caused by: java.net.UnknownHostException: postgres
	at java.base/sun.nio.ch.NioSocketImpl.connect(NioSocketImpl.java:567) ~[na:na]
	at java.base/java.net.SocksSocketImpl.connect(SocksSocketImpl.java:333) ~[na:na]
	at java.base/java.net.Socket.connect(Socket.java:648) ~[na:na]
	at org.postgresql.core.PGStream.createSocket(PGStream.java:231) ~[postgresql-42.2.20.jar!/:42.2.20]
	at org.postgresql.core.PGStream.<init>(PGStream.java:95) ~[postgresql-42.2.20.jar!/:42.2.20]
	at org.postgresql.core.v3.ConnectionFactoryImpl.tryConnect(ConnectionFactoryImpl.java:98) ~[postgresql-42.2.20.jar!/:42.2.20]
	at org.postgresql.core.v3.ConnectionFactoryImpl.openConnectionImpl(ConnectionFactoryImpl.java:213) ~[postgresql-42.2.20.jar!/:42.2.20]
	... 40 common frames omitted

2021-07-07 06:45:21.213  WARN 1 --- [           main] ConfigServletWebServerApplicationContext : Exception encountered during context initialization - cancelling refresh attempt: org.springframework.beans.factory.BeanCreationException: Error creating bean with name 'liquibase' defined in class path resource [org/springframework/boot/autoconfigure/liquibase/LiquibaseAutoConfiguration$LiquibaseConfiguration.class]: Invocation of init method failed; nested exception is liquibase.exception.DatabaseException: org.postgresql.util.PSQLException: The connection attempt failed.
2021-07-07 06:45:21.227  INFO 1 --- [           main] o.apache.catalina.core.StandardService   : Stopping service [Tomcat]
2021-07-07 06:45:21.260  INFO 1 --- [           main] ConditionEvaluationReportLoggingListener :

Error starting ApplicationContext. To display the conditions report re-run your application with 'debug' enabled.
2021-07-07 06:45:21.303 ERROR 1 --- [           main] o.s.boot.SpringApplication               : Application run failed

org.springframework.beans.factory.BeanCreationException: Error creating bean with name 'liquibase' defined in class path resource [org/springframework/boot/autoconfigure/liquibase/LiquibaseAutoConfiguration$LiquibaseConfiguration.class]: Invocation of init method failed; nested exception is liquibase.exception.DatabaseException: org.postgresql.util.PSQLException: The connection attempt failed.
	at org.springframework.beans.factory.support.AbstractAutowireCapableBeanFactory.initializeBean(AbstractAutowireCapableBeanFactory.java:1786) ~[spring-beans-5.3.7.jar!/:5.3.7]
	at org.springframework.beans.factory.support.AbstractAutowireCapableBeanFactory.doCreateBean(AbstractAutowireCapableBeanFactory.java:602) ~[spring-beans-5.3.7.jar!/:5.3.7]
	at org.springframework.beans.factory.support.AbstractAutowireCapableBeanFactory.createBean(AbstractAutowireCapableBeanFactory.java:524) ~[spring-beans-5.3.7.jar!/:5.3.7]
	at org.springframework.beans.factory.support.AbstractBeanFactory.lambda$doGetBean$0(AbstractBeanFactory.java:335) ~[spring-beans-5.3.7.jar!/:5.3.7]
	at org.springframework.beans.factory.support.DefaultSingletonBeanRegistry.getSingleton(DefaultSingletonBeanRegistry.java:234) ~[spring-beans-5.3.7.jar!/:5.3.7]
	at org.springframework.beans.factory.support.AbstractBeanFactory.doGetBean(AbstractBeanFactory.java:333) ~[spring-beans-5.3.7.jar!/:5.3.7]
	at org.springframework.beans.factory.support.AbstractBeanFactory.getBean(AbstractBeanFactory.java:208) ~[spring-beans-5.3.7.jar!/:5.3.7]
	at org.springframework.beans.factory.support.AbstractBeanFactory.doGetBean(AbstractBeanFactory.java:322) ~[spring-beans-5.3.7.jar!/:5.3.7]
	at org.springframework.beans.factory.support.AbstractBeanFactory.getBean(AbstractBeanFactory.java:208) ~[spring-beans-5.3.7.jar!/:5.3.7]
	at org.springframework.context.support.AbstractApplicationContext.getBean(AbstractApplicationContext.java:1154) ~[spring-context-5.3.7.jar!/:5.3.7]
	at org.springframework.context.support.AbstractApplicationContext.finishBeanFactoryInitialization(AbstractApplicationContext.java:908) ~[spring-context-5.3.7.jar!/:5.3.7]
	at org.springframework.context.support.AbstractApplicationContext.refresh(AbstractApplicationContext.java:583) ~[spring-context-5.3.7.jar!/:5.3.7]
	at org.springframework.boot.web.servlet.context.ServletWebServerApplicationContext.refresh(ServletWebServerApplicationContext.java:145) ~[spring-boot-2.5.0.jar!/:2.5.0]
	at org.springframework.boot.SpringApplication.refresh(SpringApplication.java:758) ~[spring-boot-2.5.0.jar!/:2.5.0]
	at org.springframework.boot.SpringApplication.refreshContext(SpringApplication.java:438) ~[spring-boot-2.5.0.jar!/:2.5.0]
	at org.springframework.boot.SpringApplication.run(SpringApplication.java:337) ~[spring-boot-2.5.0.jar!/:2.5.0]
	at org.springframework.boot.SpringApplication.run(SpringApplication.java:1336) ~[spring-boot-2.5.0.jar!/:2.5.0]
	at org.springframework.boot.SpringApplication.run(SpringApplication.java:1325) ~[spring-boot-2.5.0.jar!/:2.5.0]
	at ru.netology.cloud_service_app.CloudServiceAppApplication.main(CloudServiceAppApplication.java:14) ~[classes!/:0.0.1-SNAPSHOT]
	at java.base/jdk.internal.reflect.NativeMethodAccessorImpl.invoke0(Native Method) ~[na:na]
	at java.base/jdk.internal.reflect.NativeMethodAccessorImpl.invoke(NativeMethodAccessorImpl.java:62) ~[na:na]
	at java.base/jdk.internal.reflect.DelegatingMethodAccessorImpl.invoke(DelegatingMethodAccessorImpl.java:43) ~[na:na]
	at java.base/java.lang.reflect.Method.invoke(Method.java:564) ~[na:na]
	at org.springframework.boot.loader.MainMethodRunner.run(MainMethodRunner.java:49) ~[cloud_service_app.jar:0.0.1-SNAPSHOT]
	at org.springframework.boot.loader.Launcher.launch(Launcher.java:108) ~[cloud_service_app.jar:0.0.1-SNAPSHOT]
	at org.springframework.boot.loader.Launcher.launch(Launcher.java:58) ~[cloud_service_app.jar:0.0.1-SNAPSHOT]
	at org.springframework.boot.loader.JarLauncher.main(JarLauncher.java:88) ~[cloud_service_app.jar:0.0.1-SNAPSHOT]
Caused by: liquibase.exception.DatabaseException: org.postgresql.util.PSQLException: The connection attempt failed.
	at liquibase.integration.spring.SpringLiquibase.afterPropertiesSet(SpringLiquibase.java:277) ~[liquibase-core-4.3.3.jar!/:na]
	at org.springframework.beans.factory.support.AbstractAutowireCapableBeanFactory.invokeInitMethods(AbstractAutowireCapableBeanFactory.java:1845) ~[spring-beans-5.3.7.jar!/:5.3.7]
	at org.springframework.beans.factory.support.AbstractAutowireCapableBeanFactory.initializeBean(AbstractAutowireCapableBeanFactory.java:1782) ~[spring-beans-5.3.7.jar!/:5.3.7]
	... 26 common frames omitted
Caused by: org.postgresql.util.PSQLException: The connection attempt failed.
	at org.postgresql.core.v3.ConnectionFactoryImpl.openConnectionImpl(ConnectionFactoryImpl.java:315) ~[postgresql-42.2.20.jar!/:42.2.20]
	at org.postgresql.core.ConnectionFactory.openConnection(ConnectionFactory.java:51) ~[postgresql-42.2.20.jar!/:42.2.20]
	at org.postgresql.jdbc.PgConnection.<init>(PgConnection.java:223) ~[postgresql-42.2.20.jar!/:42.2.20]
	at org.postgresql.Driver.makeConnection(Driver.java:465) ~[postgresql-42.2.20.jar!/:42.2.20]
	at org.postgresql.Driver.connect(Driver.java:264) ~[postgresql-42.2.20.jar!/:42.2.20]
	at com.zaxxer.hikari.util.DriverDataSource.getConnection(DriverDataSource.java:138) ~[HikariCP-4.0.3.jar!/:na]
	at com.zaxxer.hikari.pool.PoolBase.newConnection(PoolBase.java:364) ~[HikariCP-4.0.3.jar!/:na]
	at com.zaxxer.hikari.pool.PoolBase.newPoolEntry(PoolBase.java:206) ~[HikariCP-4.0.3.jar!/:na]
	at com.zaxxer.hikari.pool.HikariPool.createPoolEntry(HikariPool.java:476) ~[HikariCP-4.0.3.jar!/:na]
	at com.zaxxer.hikari.pool.HikariPool.checkFailFast(HikariPool.java:561) ~[HikariCP-4.0.3.jar!/:na]
	at com.zaxxer.hikari.pool.HikariPool.<init>(HikariPool.java:115) ~[HikariCP-4.0.3.jar!/:na]
	at com.zaxxer.hikari.HikariDataSource.getConnection(HikariDataSource.java:112) ~[HikariCP-4.0.3.jar!/:na]
	at liquibase.integration.spring.SpringLiquibase.afterPropertiesSet(SpringLiquibase.java:272) ~[liquibase-core-4.3.3.jar!/:na]
	... 28 common frames omitted
Caused by: java.net.UnknownHostException: postgres
	at java.base/sun.nio.ch.NioSocketImpl.connect(NioSocketImpl.java:567) ~[na:na]
	at java.base/java.net.SocksSocketImpl.connect(SocksSocketImpl.java:333) ~[na:na]
	at java.base/java.net.Socket.connect(Socket.java:648) ~[na:na]
	at org.postgresql.core.PGStream.createSocket(PGStream.java:231) ~[postgresql-42.2.20.jar!/:42.2.20]
	at org.postgresql.core.PGStream.<init>(PGStream.java:95) ~[postgresql-42.2.20.jar!/:42.2.20]
	at org.postgresql.core.v3.ConnectionFactoryImpl.tryConnect(ConnectionFactoryImpl.java:98) ~[postgresql-42.2.20.jar!/:42.2.20]
	at org.postgresql.core.v3.ConnectionFactoryImpl.openConnectionImpl(ConnectionFactoryImpl.java:213) ~[postgresql-42.2.20.jar!/:42.2.20]
	... 40 common frames omitted


12:46:10.862 [main] DEBUG org.springframework.test.context.support.AbstractDirtiesContextTestExecutionListener - After test class: context [DefaultTestContext@132e0cc testClass = CloudServiceIntegrationTest, testInstance = [null], testMethod = [null], testException = [null], mergedContextConfiguration = [WebMergedContextConfiguration@7b205dbd testClass = CloudServiceIntegrationTest, locations = '{}', classes = '{class ru.netology.cloud_service_app.CloudServiceAppApplication}', contextInitializerClasses = '[class ru.netology.cloud_service_app.integration_tests.CloudServiceIntegrationTest$Initializer]', activeProfiles = '{}', propertySourceLocations = '{}', propertySourceProperties = '{org.springframework.boot.test.context.SpringBootTestContextBootstrapper=true, server.port=0}', contextCustomizers = set[org.springframework.boot.test.context.filter.ExcludeFilterContextCustomizer@3d5c822d, org.springframework.boot.test.json.DuplicateJsonObjectContextCustomizerFactory$DuplicateJsonObjectContextCustomizer@49c7b90e, org.springframework.boot.test.mock.mockito.MockitoContextCustomizer@0, org.springframework.boot.test.web.client.TestRestTemplateContextCustomizer@bd4dc25, org.springframework.boot.test.autoconfigure.actuate.metrics.MetricsExportContextCustomizerFactory$DisableMetricExportContextCustomizer@4d0f2471, org.springframework.boot.test.autoconfigure.properties.PropertyMappingContextCustomizer@0, org.springframework.boot.test.autoconfigure.web.servlet.WebDriverContextCustomizerFactory$Customizer@1e04fa0a, org.springframework.boot.test.context.SpringBootTestArgs@1, org.springframework.boot.test.context.SpringBootTestWebEnvironment@3d24753a], resourceBasePath = 'src/main/webapp', contextLoader = 'org.springframework.boot.test.context.SpringBootContextLoader', parent = [null]], attributes = map['org.springframework.test.context.web.ServletTestExecutionListener.activateListener' -> false]], class annotated with @DirtiesContext [false] with mode [null].
12:46:10.867 [main] DEBUG org.testcontainers.shaded.com.github.dockerjava.core.command.AbstrDockerCmd - Cmd: 9181824f8e1d9112a69f4e71da6b73fff32932c9989e9cc6741c07746e438d84,false
12:46:10.867 [ducttape-0] DEBUG org.testcontainers.containers.ExecInContainerPattern - /bold_carver: Running "exec" command: /bin/sh -c true &&  (cat /proc/net/tcp* | awk '{print $2}' | grep -i ':0*22b8' || nc -vz -w 1 localhost 8888 || /bin/bash -c '</dev/tcp/localhost/8888')
12:46:10.867 [main] DEBUG org.testcontainers.shaded.com.github.dockerjava.core.exec.InspectContainerCmdExec - GET: DefaultWebTarget{path=[/containers/9181824f8e1d9112a69f4e71da6b73fff32932c9989e9cc6741c07746e438d84/json], queryParams={}}
12:46:10.868 [ducttape-0] DEBUG org.testcontainers.shaded.com.github.dockerjava.core.command.AbstrDockerCmd - Cmd: 48052b90c2cbb424d0552120f01342dcd1c19ca865bc18827af6a2f70add4e80,<null>,true,true,<null>,<null>,<null>,{/bin/sh,-c,true &&  (cat /proc/net/tcp* | awk '{print $2}' | grep -i ':0*22b8' || nc -vz -w 1 localhost 8888 || /bin/bash -c '</dev/tcp/localhost/8888')},<null>,<null>
12:46:10.883 [main] DEBUG org.testcontainers.shaded.com.github.dockerjava.core.command.AbstrDockerCmd - Cmd: 9181824f8e1d9112a69f4e71da6b73fff32932c9989e9cc6741c07746e438d84,<null>
12:46:12.291 [main] DEBUG org.testcontainers.shaded.com.github.dockerjava.core.command.AbstrDockerCmd - Cmd: 9181824f8e1d9112a69f4e71da6b73fff32932c9989e9cc6741c07746e438d84,false
12:46:12.292 [main] DEBUG org.testcontainers.shaded.com.github.dockerjava.core.exec.InspectContainerCmdExec - GET: DefaultWebTarget{path=[/containers/9181824f8e1d9112a69f4e71da6b73fff32932c9989e9cc6741c07746e438d84/json], queryParams={}}
12:46:12.304 [main] DEBUG org.testcontainers.shaded.com.github.dockerjava.core.command.AbstrDockerCmd - Cmd: 9181824f8e1d9112a69f4e71da6b73fff32932c9989e9cc6741c07746e438d84,true,true
12:46:12.459 [main] DEBUG org.testcontainers.utility.ResourceReaper - Removed container and associated volume(s): postgres:latest

org.testcontainers.containers.ContainerLaunchException: Container startup failed

	at org.testcontainers.containers.GenericContainer.doStart(GenericContainer.java:330)
	at org.testcontainers.containers.GenericContainer.start(GenericContainer.java:311)
	at org.testcontainers.junit.jupiter.TestcontainersExtension$StoreAdapter.start(TestcontainersExtension.java:242)
	at org.testcontainers.junit.jupiter.TestcontainersExtension$StoreAdapter.access$200(TestcontainersExtension.java:229)
	at org.testcontainers.junit.jupiter.TestcontainersExtension.lambda$null$1(TestcontainersExtension.java:59)
	at org.junit.jupiter.engine.execution.ExtensionValuesStore.lambda$getOrComputeIfAbsent$4(ExtensionValuesStore.java:86)
	at org.junit.jupiter.engine.execution.ExtensionValuesStore$MemoizingSupplier.computeValue(ExtensionValuesStore.java:223)
	at org.junit.jupiter.engine.execution.ExtensionValuesStore$MemoizingSupplier.get(ExtensionValuesStore.java:211)
	at org.junit.jupiter.engine.execution.ExtensionValuesStore$StoredValue.evaluate(ExtensionValuesStore.java:191)
	at org.junit.jupiter.engine.execution.ExtensionValuesStore$StoredValue.access$100(ExtensionValuesStore.java:171)
	at org.junit.jupiter.engine.execution.ExtensionValuesStore.getOrComputeIfAbsent(ExtensionValuesStore.java:89)
	at org.junit.jupiter.engine.execution.NamespaceAwareStore.getOrComputeIfAbsent(NamespaceAwareStore.java:53)
	at org.testcontainers.junit.jupiter.TestcontainersExtension.lambda$beforeAll$2(TestcontainersExtension.java:59)
	at java.base/java.util.ArrayList.forEach(ArrayList.java:1510)
	at org.testcontainers.junit.jupiter.TestcontainersExtension.beforeAll(TestcontainersExtension.java:59)
	at org.junit.jupiter.engine.descriptor.ClassBasedTestDescriptor.lambda$invokeBeforeAllCallbacks$8(ClassBasedTestDescriptor.java:368)
	at org.junit.platform.engine.support.hierarchical.ThrowableCollector.execute(ThrowableCollector.java:73)
	at org.junit.jupiter.engine.descriptor.ClassBasedTestDescriptor.invokeBeforeAllCallbacks(ClassBasedTestDescriptor.java:368)
	at org.junit.jupiter.engine.descriptor.ClassBasedTestDescriptor.before(ClassBasedTestDescriptor.java:192)
	at org.junit.jupiter.engine.descriptor.ClassBasedTestDescriptor.before(ClassBasedTestDescriptor.java:78)
	at org.junit.platform.engine.support.hierarchical.NodeTestTask.lambda$executeRecursively$5(NodeTestTask.java:136)
	at org.junit.platform.engine.support.hierarchical.ThrowableCollector.execute(ThrowableCollector.java:73)
	at org.junit.platform.engine.support.hierarchical.NodeTestTask.lambda$executeRecursively$7(NodeTestTask.java:129)
	at org.junit.platform.engine.support.hierarchical.Node.around(Node.java:137)
	at org.junit.platform.engine.support.hierarchical.NodeTestTask.lambda$executeRecursively$8(NodeTestTask.java:127)
	at org.junit.platform.engine.support.hierarchical.ThrowableCollector.execute(ThrowableCollector.java:73)
	at org.junit.platform.engine.support.hierarchical.NodeTestTask.executeRecursively(NodeTestTask.java:126)
	at org.junit.platform.engine.support.hierarchical.NodeTestTask.execute(NodeTestTask.java:84)
	at java.base/java.util.ArrayList.forEach(ArrayList.java:1510)
	at org.junit.platform.engine.support.hierarchical.SameThreadHierarchicalTestExecutorService.invokeAll(SameThreadHierarchicalTestExecutorService.java:38)
	at org.junit.platform.engine.support.hierarchical.NodeTestTask.lambda$executeRecursively$5(NodeTestTask.java:143)
	at org.junit.platform.engine.support.hierarchical.ThrowableCollector.execute(ThrowableCollector.java:73)
	at org.junit.platform.engine.support.hierarchical.NodeTestTask.lambda$executeRecursively$7(NodeTestTask.java:129)
	at org.junit.platform.engine.support.hierarchical.Node.around(Node.java:137)
	at org.junit.platform.engine.support.hierarchical.NodeTestTask.lambda$executeRecursively$8(NodeTestTask.java:127)
	at org.junit.platform.engine.support.hierarchical.ThrowableCollector.execute(ThrowableCollector.java:73)
	at org.junit.platform.engine.support.hierarchical.NodeTestTask.executeRecursively(NodeTestTask.java:126)
	at org.junit.platform.engine.support.hierarchical.NodeTestTask.execute(NodeTestTask.java:84)
	at org.junit.platform.engine.support.hierarchical.SameThreadHierarchicalTestExecutorService.submit(SameThreadHierarchicalTestExecutorService.java:32)
	at org.junit.platform.engine.support.hierarchical.HierarchicalTestExecutor.execute(HierarchicalTestExecutor.java:57)
	at org.junit.platform.engine.support.hierarchical.HierarchicalTestEngine.execute(HierarchicalTestEngine.java:51)
	at org.junit.platform.launcher.core.EngineExecutionOrchestrator.execute(EngineExecutionOrchestrator.java:108)
	at org.junit.platform.launcher.core.EngineExecutionOrchestrator.execute(EngineExecutionOrchestrator.java:88)
	at org.junit.platform.launcher.core.EngineExecutionOrchestrator.lambda$execute$0(EngineExecutionOrchestrator.java:54)
	at org.junit.platform.launcher.core.EngineExecutionOrchestrator.withInterceptedStreams(EngineExecutionOrchestrator.java:67)
	at org.junit.platform.launcher.core.EngineExecutionOrchestrator.execute(EngineExecutionOrchestrator.java:52)
	at org.junit.platform.launcher.core.DefaultLauncher.execute(DefaultLauncher.java:96)
	at org.junit.platform.launcher.core.DefaultLauncher.execute(DefaultLauncher.java:75)
	at com.intellij.junit5.JUnit5IdeaTestRunner.startRunnerWithArgs(JUnit5IdeaTestRunner.java:71)
	at com.intellij.rt.junit.IdeaTestRunner$Repeater.startRunnerWithArgs(IdeaTestRunner.java:33)
	at com.intellij.rt.junit.JUnitStarter.prepareStreamsAndStart(JUnitStarter.java:220)
	at com.intellij.rt.junit.JUnitStarter.main(JUnitStarter.java:53)
Caused by: org.rnorth.ducttape.RetryCountExceededException: Retry limit hit with exception
	at org.rnorth.ducttape.unreliables.Unreliables.retryUntilSuccess(Unreliables.java:88)
	at org.testcontainers.containers.GenericContainer.doStart(GenericContainer.java:323)
	... 51 more
Caused by: org.testcontainers.containers.ContainerLaunchException: Could not create/start container
	at org.testcontainers.containers.GenericContainer.tryStart(GenericContainer.java:497)
	at org.testcontainers.containers.GenericContainer.lambda$doStart$0(GenericContainer.java:325)
	at org.rnorth.ducttape.unreliables.Unreliables.retryUntilSuccess(Unreliables.java:81)
	... 52 more
Caused by: java.lang.IllegalStateException: Container exited with code 1
	at org.testcontainers.containers.GenericContainer.tryStart(GenericContainer.java:469)
	... 54 more


Process finished with exit code 255
